#! /c/Source/iverilog-install/bin/vvp
:ivl_version "12.0 (devel)" "(s20150603-1539-g2693dd32b)";
:ivl_delay_selection "TYPICAL";
:vpi_time_precision - 11;
:vpi_module "C:\iverilog\lib\ivl\system.vpi";
:vpi_module "C:\iverilog\lib\ivl\vhdl_sys.vpi";
:vpi_module "C:\iverilog\lib\ivl\vhdl_textio.vpi";
:vpi_module "C:\iverilog\lib\ivl\v2005_math.vpi";
:vpi_module "C:\iverilog\lib\ivl\va_math.vpi";
S_000001f74110da80 .scope module, "test" "test" 2 6;
 .timescale -9 -11;
P_000001f74154fed0 .param/l "N_PAT" 0 2 7, +C4<00000000000000000000000000010000>;
v000001f7415b7dc0 .array/real "Mb", 15 0;
v000001f7415b7e60_0 .var/real "SquareError", 0 0;
v000001f7415b7fa0 .array "b", 15 0, 15 0;
v000001f7415bbb00_0 .var "b_in", 15 0;
v000001f7415ba3e0_0 .var "b_tmp", 15 0;
v000001f7415bab60_0 .var "clk", 0 0;
v000001f7415b9ee0_0 .var/real "error", 0 0;
v000001f7415ba160_0 .var/i "i", 31 0;
v000001f7415b9f80_0 .var "in_en", 0 0;
v000001f7415bb880_0 .var/i "j", 31 0;
v000001f7415ba660_0 .var/i "loop", 31 0;
v000001f7415bae80_0 .var/i "out_f", 31 0;
v000001f7415baac0_0 .net "out_valid", 0 0, L_000001f741619bf0;  1 drivers
v000001f7415bbba0 .array "pat_mem", 15 0, 15 0;
v000001f7415baca0_0 .var "reset", 0 0;
v000001f7415bac00_0 .var "stop", 0 0;
v000001f7415bb420_0 .var/real "temp", 0 0;
v000001f7415bb1a0 .array "x", 15 0, 31 0;
v000001f7415ba7a0 .array/real "x_f", 15 0;
v000001f7415ba200_0 .net "x_out", 31 0, v000001f7415b7a00_0;  1 drivers
E_000001f741550590 .event posedge, v000001f7415bac00_0;
S_000001f7415365c0 .scope module, "GSIM" "GSIM" 2 27, 3 2 0, S_000001f74110da80;
 .timescale -9 -11;
    .port_info 0 /INPUT 1 "clk";
    .port_info 1 /INPUT 1 "reset";
    .port_info 2 /INPUT 1 "in_en";
    .port_info 3 /INPUT 16 "b_in";
    .port_info 4 /OUTPUT 1 "out_valid";
    .port_info 5 /OUTPUT 32 "x_out";
P_000001f7415501d0 .param/l "RUN" 0 3 11, +C4<00000000000000000000000001000101>;
L_000001f741106900 .functor AND 1, v000001f7415b87c0_0, L_000001f7416195b0, C4<1>, C4<1>;
L_000001f7415bc4f0 .functor BUFT 1, C4<0000000000000000>, C4<0>, C4<0>, C4<0>;
v000001f7415b70a0_0 .net/2u *"_ivl_0", 15 0, L_000001f7415bc4f0;  1 drivers
v000001f7415b8400_0 .net *"_ivl_10", 0 0, L_000001f7416195b0;  1 drivers
v000001f7415b8900_0 .net *"_ivl_13", 0 0, L_000001f741106900;  1 drivers
L_000001f7415bc5c8 .functor BUFT 1, C4<1>, C4<0>, C4<0>, C4<0>;
v000001f7415b8540_0 .net/2u *"_ivl_14", 0 0, L_000001f7415bc5c8;  1 drivers
L_000001f7415bc610 .functor BUFT 1, C4<0>, C4<0>, C4<0>, C4<0>;
v000001f7415b85e0_0 .net/2u *"_ivl_16", 0 0, L_000001f7415bc610;  1 drivers
v000001f7415b7b40_0 .net *"_ivl_4", 31 0, L_000001f741618a70;  1 drivers
L_000001f7415bc538 .functor BUFT 1, C4<00000000000000000000000>, C4<0>, C4<0>, C4<0>;
v000001f7415b80e0_0 .net *"_ivl_7", 22 0, L_000001f7415bc538;  1 drivers
L_000001f7415bc580 .functor BUFT 1, C4<00000000000000000000000001000111>, C4<0>, C4<0>, C4<0>;
v000001f7415b84a0_0 .net/2u *"_ivl_8", 31 0, L_000001f7415bc580;  1 drivers
v000001f7415b6030_0 .array/port v000001f7415b6030, 0;
v000001f7415b7be0_0 .net "b", 15 0, v000001f7415b6030_0;  1 drivers
v000001f7415b8860_0 .net "b_in", 15 0, v000001f7415bbb00_0;  1 drivers
v000001f7415b7460_0 .net "clk", 0 0, v000001f7415bab60_0;  1 drivers
v000001f7415b8040_0 .var "cycle_count_r", 3 0;
v000001f7415b6d80_0 .var "cycle_count_w", 3 0;
v000001f7415b8180_0 .var/i "i", 31 0;
v000001f7415b6e20_0 .net "in_en", 0 0, v000001f7415b9f80_0;  1 drivers
v000001f7415b7640_0 .net "out_valid", 0 0, L_000001f741619bf0;  alias, 1 drivers
v000001f7415b8220_0 .net "reset", 0 0, v000001f7415baca0_0;  1 drivers
v000001f7415b76e0_0 .var "run_count_r", 8 0;
v000001f7415b6ec0_0 .var "run_count_w", 8 0;
v000001f7415b7780_0 .net "start", 0 0, v000001f7415b87c0_0;  1 drivers
v000001f7415b7140_0 .net "x", 31 0, L_000001f741617e90;  1 drivers
v000001f7415b6f60_0 .net "x1", 31 0, L_000001f7415bad40;  1 drivers
v000001f7415b71e0_0 .net "x2", 31 0, L_000001f7415ba480;  1 drivers
v000001f7415b78c0_0 .net "x3", 31 0, L_000001f7415bb380;  1 drivers
v000001f7415b8680_0 .net "x4", 31 0, L_000001f7415bade0;  1 drivers
v000001f7415b8720_0 .net "x5", 31 0, L_000001f7415bb600;  1 drivers
v000001f7415b7960_0 .net "x6", 31 0, L_000001f7415bb7e0;  1 drivers
v000001f7415b7a00_0 .var "x_out", 31 0;
v000001f7415b7c80 .array "x_stored_r", 16 1, 31 0;
v000001f7415b7d20 .array "x_stored_w", 16 1, 31 0;
v000001f7415b7c80_0 .array/port v000001f7415b7c80, 0;
v000001f7415b7c80_1 .array/port v000001f7415b7c80, 1;
v000001f7415b7c80_2 .array/port v000001f7415b7c80, 2;
E_000001f741550210/0 .event anyedge, v000001f7415b8040_0, v000001f7415b7c80_0, v000001f7415b7c80_1, v000001f7415b7c80_2;
v000001f7415b7c80_3 .array/port v000001f7415b7c80, 3;
v000001f7415b7c80_4 .array/port v000001f7415b7c80, 4;
v000001f7415b7c80_5 .array/port v000001f7415b7c80, 5;
v000001f7415b7c80_6 .array/port v000001f7415b7c80, 6;
E_000001f741550210/1 .event anyedge, v000001f7415b7c80_3, v000001f7415b7c80_4, v000001f7415b7c80_5, v000001f7415b7c80_6;
v000001f7415b7c80_7 .array/port v000001f7415b7c80, 7;
v000001f7415b7c80_8 .array/port v000001f7415b7c80, 8;
v000001f7415b7c80_9 .array/port v000001f7415b7c80, 9;
v000001f7415b7c80_10 .array/port v000001f7415b7c80, 10;
E_000001f741550210/2 .event anyedge, v000001f7415b7c80_7, v000001f7415b7c80_8, v000001f7415b7c80_9, v000001f7415b7c80_10;
v000001f7415b7c80_11 .array/port v000001f7415b7c80, 11;
v000001f7415b7c80_12 .array/port v000001f7415b7c80, 12;
v000001f7415b7c80_13 .array/port v000001f7415b7c80, 13;
v000001f7415b7c80_14 .array/port v000001f7415b7c80, 14;
E_000001f741550210/3 .event anyedge, v000001f7415b7c80_11, v000001f7415b7c80_12, v000001f7415b7c80_13, v000001f7415b7c80_14;
v000001f7415b7c80_15 .array/port v000001f7415b7c80, 15;
E_000001f741550210/4 .event anyedge, v000001f7415b7c80_15;
E_000001f741550210 .event/or E_000001f741550210/0, E_000001f741550210/1, E_000001f741550210/2, E_000001f741550210/3, E_000001f741550210/4;
E_000001f74154ff10/0 .event anyedge, v000001f7415b7c80_0, v000001f7415b7c80_1, v000001f7415b7c80_2, v000001f7415b7c80_3;
E_000001f74154ff10/1 .event anyedge, v000001f7415b7c80_4, v000001f7415b7c80_5, v000001f7415b7c80_6, v000001f7415b7c80_7;
E_000001f74154ff10/2 .event anyedge, v000001f7415b7c80_8, v000001f7415b7c80_9, v000001f7415b7c80_10, v000001f7415b7c80_11;
E_000001f74154ff10/3 .event anyedge, v000001f7415b7c80_12, v000001f7415b7c80_13, v000001f7415b7c80_14, v000001f7415b7c80_15;
E_000001f74154ff10/4 .event anyedge, v000001f7415b75a0_0, v000001f7415b76e0_0, v000001f7415b8040_0, v000001f741109870_0;
E_000001f74154ff10 .event/or E_000001f74154ff10/0, E_000001f74154ff10/1, E_000001f74154ff10/2, E_000001f74154ff10/3, E_000001f74154ff10/4;
E_000001f741550910 .event anyedge, v000001f7415b8ae0_0, v000001f7415b8040_0, v000001f7415b76e0_0;
E_000001f741550050 .event anyedge, v000001f7415b8ae0_0, v000001f7415b8040_0;
L_000001f7416181b0 .concat [ 16 16 0 0], L_000001f7415bc4f0, v000001f7415b6030_0;
L_000001f741618a70 .concat [ 9 23 0 0], v000001f7415b76e0_0, L_000001f7415bc538;
L_000001f7416195b0 .cmp/eq 32, L_000001f741618a70, L_000001f7415bc580;
L_000001f741619bf0 .functor MUXZ 1, L_000001f7415bc610, L_000001f7415bc5c8, L_000001f741106900, C4<>;
S_000001f74154c640 .scope module, "Computation_Unit" "Computation_Unit" 3 42, 3 334 0, S_000001f7415365c0;
 .timescale -9 -11;
    .port_info 0 /INPUT 1 "clk";
    .port_info 1 /INPUT 32 "b";
    .port_info 2 /INPUT 32 "x_0";
    .port_info 3 /INPUT 32 "x_1";
    .port_info 4 /INPUT 32 "x_2";
    .port_info 5 /INPUT 32 "x_3";
    .port_info 6 /INPUT 32 "x_4";
    .port_info 7 /INPUT 32 "x_5";
    .port_info 8 /OUTPUT 32 "x_new";
v000001f7410d8df0_0 .var/s "DFF", 36 0;
v000001f7410d9f70_0 .net/s "DFF_nxt", 36 0, L_000001f741617000;  1 drivers
v000001f7410d85d0_0 .net/s *"_ivl_0", 32 0, L_000001f7415bb060;  1 drivers
v000001f7415b3e40_0 .net/s *"_ivl_12", 32 0, L_000001f7416178c0;  1 drivers
v000001f7415b3da0_0 .net/s *"_ivl_14", 32 0, L_000001f741616c40;  1 drivers
v000001f7415b47a0_0 .net/s *"_ivl_18", 32 0, L_000001f7416167e0;  1 drivers
v000001f7415b36c0_0 .net/s *"_ivl_2", 32 0, L_000001f7415bb100;  1 drivers
L_000001f7415bc388 .functor BUFT 1, C4<00>, C4<0>, C4<0>, C4<0>;
v000001f7415b3620_0 .net/2u *"_ivl_22", 1 0, L_000001f7415bc388;  1 drivers
L_000001f7415bc3d0 .functor BUFT 1, C4<000>, C4<0>, C4<0>, C4<0>;
v000001f7415b2cc0_0 .net/2u *"_ivl_26", 2 0, L_000001f7415bc3d0;  1 drivers
v000001f7415b3ee0_0 .net/s *"_ivl_30", 35 0, L_000001f741617a00;  1 drivers
v000001f7415b4160_0 .net/s *"_ivl_32", 35 0, L_000001f7416170a0;  1 drivers
v000001f7415b48e0_0 .net/s *"_ivl_34", 35 0, L_000001f741616560;  1 drivers
L_000001f7415bc418 .functor BUFT 1, C4<0>, C4<0>, C4<0>, C4<0>;
v000001f7415b4520_0 .net/2u *"_ivl_38", 0 0, L_000001f7415bc418;  1 drivers
L_000001f7415bc460 .functor BUFT 1, C4<00>, C4<0>, C4<0>, C4<0>;
v000001f7415b45c0_0 .net/2u *"_ivl_42", 1 0, L_000001f7415bc460;  1 drivers
v000001f7415b3080_0 .net/s *"_ivl_46", 34 0, L_000001f741616ce0;  1 drivers
v000001f7415b4700_0 .net/s *"_ivl_50", 35 0, L_000001f741617460;  1 drivers
v000001f7415b2e00_0 .net/s *"_ivl_52", 35 0, L_000001f741617280;  1 drivers
v000001f7415b3b20_0 .net/s *"_ivl_56", 36 0, L_000001f741616920;  1 drivers
v000001f7415b4840_0 .net/s *"_ivl_58", 36 0, L_000001f741617320;  1 drivers
v000001f7415b4980_0 .net/s *"_ivl_6", 32 0, L_000001f741615de0;  1 drivers
v000001f7415b4020_0 .net/s *"_ivl_8", 32 0, L_000001f741616ba0;  1 drivers
v000001f7415b4a20_0 .net/s "b", 31 0, L_000001f7416181b0;  1 drivers
v000001f7415b40c0_0 .net "clk", 0 0, v000001f7415bab60_0;  alias, 1 drivers
v000001f7415b2f40_0 .net/s "x_0", 31 0, L_000001f7415bad40;  alias, 1 drivers
v000001f7415b3440_0 .net/s "x_0_1", 32 0, L_000001f7415bba60;  1 drivers
v000001f7415b3800_0 .net/s "x_0_1_mul13", 35 0, L_000001f741616b00;  1 drivers
v000001f7415b4660_0 .net/s "x_0_1_mul4", 34 0, L_000001f741617b40;  1 drivers
v000001f7415b4b60_0 .net/s "x_0_1_mul8", 35 0, L_000001f7416171e0;  1 drivers
v000001f7415b34e0_0 .net/s "x_1", 31 0, L_000001f7415ba480;  alias, 1 drivers
v000001f7415b4ac0_0 .net/s "x_2", 31 0, L_000001f7415bb380;  alias, 1 drivers
v000001f7415b4480_0 .net/s "x_2_3", 32 0, L_000001f7416161a0;  1 drivers
v000001f7415b2d60_0 .net/s "x_2_3_mul2", 33 0, L_000001f7416166a0;  1 drivers
v000001f7415b38a0_0 .net/s "x_2_3_mul4", 34 0, L_000001f741616e20;  1 drivers
v000001f7415b3940_0 .net/s "x_2_3_mul6", 34 0, L_000001f741615fc0;  1 drivers
v000001f7415b2ea0_0 .net/s "x_3", 31 0, L_000001f7415bade0;  alias, 1 drivers
v000001f7415b2fe0_0 .net/s "x_4", 31 0, L_000001f7415bb600;  alias, 1 drivers
v000001f7415b3f80_0 .net/s "x_4_5", 32 0, L_000001f7416169c0;  1 drivers
v000001f7415b3c60_0 .net/s "x_5", 31 0, L_000001f7415bb7e0;  alias, 1 drivers
v000001f7415b3120_0 .net/s "x_new", 31 0, L_000001f741617e90;  alias, 1 drivers
v000001f7415b31c0_0 .net/s "x_plus_b", 32 0, L_000001f741615e80;  1 drivers
v000001f7415b3580_0 .net/s "x_sub_6", 35 0, L_000001f741616380;  1 drivers
E_000001f741550250 .event posedge, v000001f7415b40c0_0;
L_000001f7415bb060 .extend/s 33, L_000001f7415bad40;
L_000001f7415bb100 .extend/s 33, L_000001f7415ba480;
L_000001f7415bba60 .arith/sum 33, L_000001f7415bb060, L_000001f7415bb100;
L_000001f741615de0 .extend/s 33, L_000001f7415bb380;
L_000001f741616ba0 .extend/s 33, L_000001f7415bade0;
L_000001f7416161a0 .arith/sum 33, L_000001f741615de0, L_000001f741616ba0;
L_000001f7416178c0 .extend/s 33, L_000001f7415bb600;
L_000001f741616c40 .extend/s 33, L_000001f7415bb7e0;
L_000001f7416169c0 .arith/sum 33, L_000001f7416178c0, L_000001f741616c40;
L_000001f7416167e0 .extend/s 33, L_000001f7416181b0;
L_000001f741615e80 .arith/sum 33, L_000001f7416169c0, L_000001f7416167e0;
L_000001f741617b40 .concat [ 2 33 0 0], L_000001f7415bc388, L_000001f7415bba60;
L_000001f7416171e0 .concat [ 3 33 0 0], L_000001f7415bc3d0, L_000001f7415bba60;
L_000001f741617a00 .extend/s 36, L_000001f7415bba60;
L_000001f7416170a0 .extend/s 36, L_000001f741617b40;
L_000001f741616560 .arith/sum 36, L_000001f741617a00, L_000001f7416170a0;
L_000001f741616b00 .arith/sum 36, L_000001f741616560, L_000001f7416171e0;
L_000001f7416166a0 .concat [ 1 33 0 0], L_000001f7415bc418, L_000001f7416161a0;
L_000001f741616e20 .concat [ 2 33 0 0], L_000001f7415bc460, L_000001f7416161a0;
L_000001f741616ce0 .extend/s 35, L_000001f7416166a0;
L_000001f741615fc0 .arith/sum 35, L_000001f741616ce0, L_000001f741616e20;
L_000001f741617460 .extend/s 36, L_000001f741615e80;
L_000001f741617280 .extend/s 36, L_000001f741615fc0;
L_000001f741616380 .arith/sub 36, L_000001f741617460, L_000001f741617280;
L_000001f741616920 .extend/s 37, L_000001f741616b00;
L_000001f741617320 .extend/s 37, L_000001f741616380;
L_000001f741617000 .arith/sum 37, L_000001f741616920, L_000001f741617320;
S_000001f74154c7d0 .scope module, "div0" "division_20" 3 362, 3 371 0, S_000001f74154c640;
 .timescale -9 -11;
    .port_info 0 /INPUT 37 "in";
    .port_info 1 /OUTPUT 32 "out";
L_000001f741106f90 .functor BUFZ 37, v000001f7410d8df0_0, C4<0000000000000000000000000000000000000>, C4<0000000000000000000000000000000000000>, C4<0000000000000000000000000000000000000>;
v000001f74110aa90_0 .net *"_ivl_12", 31 0, L_000001f741616240;  1 drivers
v000001f74110a1d0_0 .net *"_ivl_16", 28 0, L_000001f741616a60;  1 drivers
v000001f74110abd0_0 .net *"_ivl_20", 27 0, L_000001f741616420;  1 drivers
v000001f7411095f0_0 .net *"_ivl_24", 24 0, L_000001f741617780;  1 drivers
v000001f74110a130_0 .net *"_ivl_28", 23 0, L_000001f741617aa0;  1 drivers
v000001f74110aef0_0 .net *"_ivl_32", 20 0, L_000001f741616f60;  1 drivers
v000001f74110b490_0 .net *"_ivl_36", 19 0, L_000001f741615d40;  1 drivers
v000001f74110a4f0_0 .net *"_ivl_4", 35 0, L_000001f741616d80;  1 drivers
v000001f74110a6d0_0 .net *"_ivl_40", 16 0, L_000001f7416175a0;  1 drivers
v000001f741109c30_0 .net *"_ivl_44", 15 0, L_000001f741617500;  1 drivers
v000001f741109cd0_0 .net *"_ivl_48", 12 0, L_000001f7416162e0;  1 drivers
v000001f74110af90_0 .net *"_ivl_52", 11 0, L_000001f741616600;  1 drivers
v000001f74110a9f0_0 .net *"_ivl_56", 8 0, L_000001f7416196f0;  1 drivers
v000001f741109730_0 .net *"_ivl_60", 7 0, L_000001f741619b50;  1 drivers
v000001f74110b350_0 .net *"_ivl_8", 32 0, L_000001f741617960;  1 drivers
v000001f74110ac70_0 .net *"_ivl_93", 31 0, L_000001f7416189d0;  1 drivers
v000001f74110b030_0 .net *"_ivl_95", 0 0, L_000001f741619ab0;  1 drivers
v000001f74110a770_0 .net *"_ivl_96", 31 0, L_000001f741619510;  1 drivers
L_000001f7415bc4a8 .functor BUFT 1, C4<0000000000000000000000000000000>, C4<0>, C4<0>, C4<0>;
v000001f7411097d0_0 .net *"_ivl_99", 30 0, L_000001f7415bc4a8;  1 drivers
v000001f74110b3f0_0 .net/s "in", 36 0, v000001f7410d8df0_0;  1 drivers
v000001f741109870_0 .net/s "out", 31 0, L_000001f741617e90;  alias, 1 drivers
v000001f74110a950_0 .net/s "x_10", 36 0, L_000001f741616880;  1 drivers
v000001f74110b0d0_0 .net/s "x_13", 36 0, L_000001f741615f20;  1 drivers
v000001f741109eb0_0 .net/s "x_13_14", 36 0, L_000001f741617fd0;  1 drivers
v000001f741109f50_0 .net/s "x_13to18", 36 0, L_000001f741617d50;  1 drivers
v000001f74110b170_0 .net/s "x_14", 36 0, L_000001f7416176e0;  1 drivers
v000001f741109910_0 .net/s "x_17", 36 0, L_000001f7416164c0;  1 drivers
v000001f74110a310_0 .net/s "x_17_18", 36 0, L_000001f741618070;  1 drivers
v000001f74110ad10_0 .net/s "x_18", 36 0, L_000001f7416173c0;  1 drivers
v000001f74110a810_0 .net/s "x_21", 36 0, L_000001f741617140;  1 drivers
v000001f74110b2b0_0 .net/s "x_21_22", 36 0, L_000001f741619470;  1 drivers
v000001f74110a8b0_0 .net/s "x_21to26", 36 0, L_000001f741619330;  1 drivers
v000001f7411099b0_0 .net/s "x_21to34", 36 0, L_000001f741618cf0;  1 drivers
v000001f74110adb0_0 .net/s "x_22", 36 0, L_000001f741617be0;  1 drivers
v000001f74110a270_0 .net/s "x_25", 36 0, L_000001f741616060;  1 drivers
v000001f74110b210_0 .net/s "x_25_26", 36 0, L_000001f741618930;  1 drivers
v000001f741109a50_0 .net/s "x_26", 36 0, L_000001f741617640;  1 drivers
v000001f741109ff0_0 .net/s "x_29", 36 0, L_000001f741616100;  1 drivers
v000001f741109af0_0 .net/s "x_29_30", 36 0, L_000001f741619150;  1 drivers
v000001f741109b90_0 .net/s "x_29to34", 36 0, L_000001f741618110;  1 drivers
v000001f741109d70_0 .net/s "x_30", 36 0, L_000001f741616740;  1 drivers
v000001f741109e10_0 .net/s "x_33", 36 0, L_000001f741619830;  1 drivers
v000001f74110a090_0 .net/s "x_33_34", 36 0, L_000001f741618d90;  1 drivers
v000001f74110a3b0_0 .net/s "x_34", 36 0, L_000001f741619a10;  1 drivers
v000001f74110a450_0 .net/s "x_5", 36 0, L_000001f741106f90;  1 drivers
v000001f74110a630_0 .net/s "x_5_6", 36 0, L_000001f741617f30;  1 drivers
v000001f7410d9570_0 .net/s "x_5to10", 36 0, L_000001f741618250;  1 drivers
v000001f7410da150_0 .net/s "x_5to18", 36 0, L_000001f741617df0;  1 drivers
v000001f7410da1f0_0 .net/s "x_6", 36 0, L_000001f741616ec0;  1 drivers
v000001f7410d9bb0_0 .net/s "x_9", 36 0, L_000001f741617820;  1 drivers
v000001f7410da010_0 .net/s "x_9_10", 36 0, L_000001f741618430;  1 drivers
v000001f7410d9c50_0 .net/s "x_total", 36 0, L_000001f7416182f0;  1 drivers
L_000001f741616d80 .part v000001f7410d8df0_0, 1, 36;
L_000001f741616ec0 .extend/s 37, L_000001f741616d80;
L_000001f741617960 .part v000001f7410d8df0_0, 4, 33;
L_000001f741617820 .extend/s 37, L_000001f741617960;
L_000001f741616240 .part v000001f7410d8df0_0, 5, 32;
L_000001f741616880 .extend/s 37, L_000001f741616240;
L_000001f741616a60 .part v000001f7410d8df0_0, 8, 29;
L_000001f741615f20 .extend/s 37, L_000001f741616a60;
L_000001f741616420 .part v000001f7410d8df0_0, 9, 28;
L_000001f7416176e0 .extend/s 37, L_000001f741616420;
L_000001f741617780 .part v000001f7410d8df0_0, 12, 25;
L_000001f7416164c0 .extend/s 37, L_000001f741617780;
L_000001f741617aa0 .part v000001f7410d8df0_0, 13, 24;
L_000001f7416173c0 .extend/s 37, L_000001f741617aa0;
L_000001f741616f60 .part v000001f7410d8df0_0, 16, 21;
L_000001f741617140 .extend/s 37, L_000001f741616f60;
L_000001f741615d40 .part v000001f7410d8df0_0, 17, 20;
L_000001f741617be0 .extend/s 37, L_000001f741615d40;
L_000001f7416175a0 .part v000001f7410d8df0_0, 20, 17;
L_000001f741616060 .extend/s 37, L_000001f7416175a0;
L_000001f741617500 .part v000001f7410d8df0_0, 21, 16;
L_000001f741617640 .extend/s 37, L_000001f741617500;
L_000001f7416162e0 .part v000001f7410d8df0_0, 24, 13;
L_000001f741616100 .extend/s 37, L_000001f7416162e0;
L_000001f741616600 .part v000001f7410d8df0_0, 25, 12;
L_000001f741616740 .extend/s 37, L_000001f741616600;
L_000001f7416196f0 .part v000001f7410d8df0_0, 28, 9;
L_000001f741619830 .extend/s 37, L_000001f7416196f0;
L_000001f741619b50 .part v000001f7410d8df0_0, 29, 8;
L_000001f741619a10 .extend/s 37, L_000001f741619b50;
L_000001f741617f30 .arith/sum 37, L_000001f741106f90, L_000001f741616ec0;
L_000001f741618430 .arith/sum 37, L_000001f741617820, L_000001f741616880;
L_000001f741617fd0 .arith/sum 37, L_000001f741615f20, L_000001f7416176e0;
L_000001f741618070 .arith/sum 37, L_000001f7416164c0, L_000001f7416173c0;
L_000001f741619470 .arith/sum 37, L_000001f741617140, L_000001f741617be0;
L_000001f741618930 .arith/sum 37, L_000001f741616060, L_000001f741617640;
L_000001f741619150 .arith/sum 37, L_000001f741616100, L_000001f741616740;
L_000001f741618d90 .arith/sum 37, L_000001f741619830, L_000001f741619a10;
L_000001f741618250 .arith/sum 37, L_000001f741617f30, L_000001f741618430;
L_000001f741617d50 .arith/sum 37, L_000001f741617fd0, L_000001f741618070;
L_000001f741619330 .arith/sum 37, L_000001f741619470, L_000001f741618930;
L_000001f741618110 .arith/sum 37, L_000001f741619150, L_000001f741618d90;
L_000001f741617df0 .arith/sum 37, L_000001f741618250, L_000001f741617d50;
L_000001f741618cf0 .arith/sum 37, L_000001f741619330, L_000001f741618110;
L_000001f7416182f0 .arith/sum 37, L_000001f741617df0, L_000001f741618cf0;
L_000001f7416189d0 .part L_000001f7416182f0, 5, 32;
L_000001f741619ab0 .part L_000001f7416182f0, 4, 1;
L_000001f741619510 .concat [ 1 31 0 0], L_000001f741619ab0, L_000001f7415bc4a8;
L_000001f741617e90 .arith/sum 32, L_000001f7416189d0, L_000001f741619510;
S_000001f741085db0 .scope module, "register_file" "register_file" 3 26, 3 141 0, S_000001f7415365c0;
 .timescale -9 -11;
    .port_info 0 /INPUT 1 "clk_in";
    .port_info 1 /INPUT 1 "rst_in";
    .port_info 2 /INPUT 1 "en_in";
    .port_info 3 /INPUT 16 "b_in";
    .port_info 4 /INPUT 32 "x_in";
    .port_info 5 /OUTPUT 16 "b_out";
    .port_info 6 /OUTPUT 32 "x1_out";
    .port_info 7 /OUTPUT 32 "x2_out";
    .port_info 8 /OUTPUT 32 "x3_out";
    .port_info 9 /OUTPUT 32 "x4_out";
    .port_info 10 /OUTPUT 32 "x5_out";
    .port_info 11 /OUTPUT 32 "x6_out";
    .port_info 12 /OUTPUT 1 "start_out";
L_000001f741106ba0 .functor AND 1, L_000001f7415b9da0, L_000001f7415bb2e0, C4<1>, C4<1>;
L_000001f741106510 .functor AND 1, L_000001f7415bb560, L_000001f7415ba840, C4<1>, C4<1>;
L_000001f741106970 .functor AND 1, L_000001f7415ba5c0, L_000001f7415ba020, C4<1>, C4<1>;
L_000001f741106890 .functor AND 1, L_000001f741106970, L_000001f7415bb920, C4<1>, C4<1>;
L_000001f741106eb0 .functor AND 1, L_000001f7415bafc0, L_000001f7415ba340, C4<1>, C4<1>;
L_000001f7411072a0 .functor AND 1, L_000001f741106eb0, L_000001f7415ba700, C4<1>, C4<1>;
v000001f7415b3760_0 .net *"_ivl_10", 0 0, L_000001f7415ba2a0;  1 drivers
L_000001f7415bc1d8 .functor BUFT 1, C4<00000000000000000000000000000000>, C4<0>, C4<0>, C4<0>;
v000001f7415b39e0_0 .net/2u *"_ivl_101", 31 0, L_000001f7415bc1d8;  1 drivers
v000001f7415b3d00_0 .net *"_ivl_103", 31 0, L_000001f7415bb9c0;  1 drivers
L_000001f7415bc220 .functor BUFT 1, C4<1011>, C4<0>, C4<0>, C4<0>;
v000001f7415b42a0_0 .net/2u *"_ivl_107", 3 0, L_000001f7415bc220;  1 drivers
v000001f7415b3a80_0 .net *"_ivl_109", 0 0, L_000001f7415bb740;  1 drivers
L_000001f7415bc268 .functor BUFT 1, C4<1000>, C4<0>, C4<0>, C4<0>;
v000001f7415b3260_0 .net/2u *"_ivl_112", 3 0, L_000001f7415bc268;  1 drivers
v000001f7415b3300_0 .net *"_ivl_114", 0 0, L_000001f7415bafc0;  1 drivers
L_000001f7415bc2b0 .functor BUFT 1, C4<0100>, C4<0>, C4<0>, C4<0>;
v000001f7415b4200_0 .net/2u *"_ivl_116", 3 0, L_000001f7415bc2b0;  1 drivers
v000001f7415b33a0_0 .net *"_ivl_118", 0 0, L_000001f7415ba340;  1 drivers
v000001f7415b3bc0_0 .net *"_ivl_121", 0 0, L_000001f741106eb0;  1 drivers
L_000001f7415bc2f8 .functor BUFT 1, C4<0000>, C4<0>, C4<0>, C4<0>;
v000001f7415b4340_0 .net/2u *"_ivl_122", 3 0, L_000001f7415bc2f8;  1 drivers
v000001f7415b5b30_0 .net *"_ivl_124", 0 0, L_000001f7415ba700;  1 drivers
v000001f7415b5f90_0 .net *"_ivl_127", 0 0, L_000001f7411072a0;  1 drivers
L_000001f7415bc340 .functor BUFT 1, C4<00000000000000000000000000000000>, C4<0>, C4<0>, C4<0>;
v000001f7415b6850_0 .net/2u *"_ivl_129", 31 0, L_000001f7415bc340;  1 drivers
L_000001f7415bbd58 .functor BUFT 1, C4<00000000000000000000000000000000>, C4<0>, C4<0>, C4<0>;
v000001f7415b51d0_0 .net/2u *"_ivl_13", 31 0, L_000001f7415bbd58;  1 drivers
v000001f7415b5270_0 .net *"_ivl_131", 31 0, L_000001f7415ba980;  1 drivers
v000001f7415b6490_0 .net *"_ivl_15", 31 0, L_000001f7415bb4c0;  1 drivers
L_000001f7415bbda0 .functor BUFT 1, C4<0011>, C4<0>, C4<0>, C4<0>;
v000001f7415b5d10_0 .net/2u *"_ivl_19", 3 0, L_000001f7415bbda0;  1 drivers
v000001f7415b5130_0 .net *"_ivl_21", 0 0, L_000001f7415bb240;  1 drivers
L_000001f7415bbde8 .functor BUFT 1, C4<0000>, C4<0>, C4<0>, C4<0>;
v000001f7415b68f0_0 .net/2u *"_ivl_24", 3 0, L_000001f7415bbde8;  1 drivers
v000001f7415b5ef0_0 .net *"_ivl_26", 0 0, L_000001f7415baa20;  1 drivers
L_000001f7415bbe30 .functor BUFT 1, C4<00000000000000000000000000000000>, C4<0>, C4<0>, C4<0>;
v000001f7415b4d70_0 .net/2u *"_ivl_29", 31 0, L_000001f7415bbe30;  1 drivers
L_000001f7415bbcc8 .functor BUFT 1, C4<1100>, C4<0>, C4<0>, C4<0>;
v000001f7415b5450_0 .net/2u *"_ivl_3", 3 0, L_000001f7415bbcc8;  1 drivers
v000001f7415b67b0_0 .net *"_ivl_31", 31 0, L_000001f7415ba8e0;  1 drivers
L_000001f7415bbe78 .functor BUFT 1, C4<1000>, C4<0>, C4<0>, C4<0>;
v000001f7415b6170_0 .net/2u *"_ivl_35", 3 0, L_000001f7415bbe78;  1 drivers
v000001f7415b54f0_0 .net *"_ivl_37", 0 0, L_000001f7415bb6a0;  1 drivers
L_000001f7415bbec0 .functor BUFT 1, C4<1011>, C4<0>, C4<0>, C4<0>;
v000001f7415b6990_0 .net/2u *"_ivl_40", 3 0, L_000001f7415bbec0;  1 drivers
v000001f7415b5db0_0 .net *"_ivl_42", 0 0, L_000001f7415b9da0;  1 drivers
L_000001f7415bbf08 .functor BUFT 1, C4<1111>, C4<0>, C4<0>, C4<0>;
v000001f7415b5310_0 .net/2u *"_ivl_44", 3 0, L_000001f7415bbf08;  1 drivers
v000001f7415b5590_0 .net *"_ivl_46", 0 0, L_000001f7415bb2e0;  1 drivers
v000001f7415b6a30_0 .net *"_ivl_49", 0 0, L_000001f741106ba0;  1 drivers
v000001f7415b53b0_0 .net *"_ivl_5", 0 0, L_000001f7415ba0c0;  1 drivers
L_000001f7415bbf50 .functor BUFT 1, C4<00000000000000000000000000000000>, C4<0>, C4<0>, C4<0>;
v000001f7415b5a90_0 .net/2u *"_ivl_51", 31 0, L_000001f7415bbf50;  1 drivers
v000001f7415b5630_0 .net *"_ivl_53", 31 0, L_000001f7415b9d00;  1 drivers
L_000001f7415bbf98 .functor BUFT 1, C4<0111>, C4<0>, C4<0>, C4<0>;
v000001f7415b56d0_0 .net/2u *"_ivl_57", 3 0, L_000001f7415bbf98;  1 drivers
v000001f7415b6ad0_0 .net *"_ivl_59", 0 0, L_000001f7415b9e40;  1 drivers
L_000001f7415bbfe0 .functor BUFT 1, C4<0000>, C4<0>, C4<0>, C4<0>;
v000001f7415b5770_0 .net/2u *"_ivl_62", 3 0, L_000001f7415bbfe0;  1 drivers
v000001f7415b5bd0_0 .net *"_ivl_64", 0 0, L_000001f7415bb560;  1 drivers
L_000001f7415bc028 .functor BUFT 1, C4<0100>, C4<0>, C4<0>, C4<0>;
v000001f7415b65d0_0 .net/2u *"_ivl_66", 3 0, L_000001f7415bc028;  1 drivers
v000001f7415b5c70_0 .net *"_ivl_68", 0 0, L_000001f7415ba840;  1 drivers
v000001f7415b63f0_0 .net *"_ivl_71", 0 0, L_000001f741106510;  1 drivers
L_000001f7415bc070 .functor BUFT 1, C4<00000000000000000000000000000000>, C4<0>, C4<0>, C4<0>;
v000001f7415b4f50_0 .net/2u *"_ivl_73", 31 0, L_000001f7415bc070;  1 drivers
v000001f7415b5810_0 .net *"_ivl_75", 31 0, L_000001f7415baf20;  1 drivers
L_000001f7415bc0b8 .functor BUFT 1, C4<0100>, C4<0>, C4<0>, C4<0>;
v000001f7415b6530_0 .net/2u *"_ivl_79", 3 0, L_000001f7415bc0b8;  1 drivers
L_000001f7415bbd10 .functor BUFT 1, C4<1111>, C4<0>, C4<0>, C4<0>;
v000001f7415b6210_0 .net/2u *"_ivl_8", 3 0, L_000001f7415bbd10;  1 drivers
v000001f7415b58b0_0 .net *"_ivl_81", 0 0, L_000001f7415ba520;  1 drivers
L_000001f7415bc100 .functor BUFT 1, C4<0111>, C4<0>, C4<0>, C4<0>;
v000001f7415b5090_0 .net/2u *"_ivl_84", 3 0, L_000001f7415bc100;  1 drivers
v000001f7415b5950_0 .net *"_ivl_86", 0 0, L_000001f7415ba5c0;  1 drivers
L_000001f7415bc148 .functor BUFT 1, C4<1011>, C4<0>, C4<0>, C4<0>;
v000001f7415b62b0_0 .net/2u *"_ivl_88", 3 0, L_000001f7415bc148;  1 drivers
v000001f7415b60d0_0 .net *"_ivl_90", 0 0, L_000001f7415ba020;  1 drivers
v000001f7415b6670_0 .net *"_ivl_93", 0 0, L_000001f741106970;  1 drivers
L_000001f7415bc190 .functor BUFT 1, C4<1111>, C4<0>, C4<0>, C4<0>;
v000001f7415b6350_0 .net/2u *"_ivl_94", 3 0, L_000001f7415bc190;  1 drivers
v000001f7415b59f0_0 .net *"_ivl_96", 0 0, L_000001f7415bb920;  1 drivers
v000001f7415b5e50_0 .net *"_ivl_99", 0 0, L_000001f741106890;  1 drivers
v000001f7415b6710_0 .net "b_in", 15 0, v000001f7415bbb00_0;  alias, 1 drivers
v000001f7415b6b70_0 .net "b_out", 15 0, v000001f7415b6030_0;  alias, 1 drivers
v000001f7415b6030 .array "b_r", 16 1, 15 0;
v000001f7415b4cd0 .array "b_w", 16 1, 15 0;
v000001f7415b4e10_0 .net "clk_in", 0 0, v000001f7415bab60_0;  alias, 1 drivers
v000001f7415b4eb0_0 .var "count_r", 3 0;
v000001f7415b4ff0_0 .var "count_w", 3 0;
v000001f7415b82c0_0 .var "delay_start_r", 0 0;
v000001f7415b7820_0 .var "delay_start_w", 0 0;
v000001f7415b8ae0_0 .net "en_in", 0 0, v000001f7415b9f80_0;  alias, 1 drivers
v000001f7415b7f00_0 .var/i "i", 31 0;
v000001f7415b8b80_0 .net "rst_in", 0 0, v000001f7415baca0_0;  alias, 1 drivers
v000001f7415b75a0_0 .net "start_out", 0 0, v000001f7415b87c0_0;  alias, 1 drivers
v000001f7415b87c0_0 .var "start_r", 0 0;
v000001f7415b8a40_0 .var "start_w", 0 0;
v000001f7415b7000_0 .net "x1_out", 31 0, L_000001f7415bad40;  alias, 1 drivers
v000001f7415b73c0_0 .net "x2_out", 31 0, L_000001f7415ba480;  alias, 1 drivers
v000001f7415b89a0_0 .net "x3_out", 31 0, L_000001f7415bb380;  alias, 1 drivers
v000001f7415b7280_0 .net "x4_out", 31 0, L_000001f7415bade0;  alias, 1 drivers
v000001f7415b7500_0 .net "x5_out", 31 0, L_000001f7415bb600;  alias, 1 drivers
v000001f7415b8360_0 .net "x6_out", 31 0, L_000001f7415bb7e0;  alias, 1 drivers
v000001f7415b7aa0_0 .net "x_in", 31 0, L_000001f741617e90;  alias, 1 drivers
v000001f7415b7320 .array "x_r", 16 1, 31 0;
v000001f7415b6ce0 .array "x_w", 16 1, 31 0;
E_000001f741550290 .event posedge, v000001f7415b8b80_0, v000001f7415b40c0_0;
E_000001f7415502d0 .event anyedge, v000001f7415b87c0_0;
E_000001f741550c90 .event anyedge, v000001f7415b4eb0_0, v000001f7415b87c0_0;
E_000001f7415513d0 .event anyedge, v000001f7415b4eb0_0;
v000001f7415b7320_0 .array/port v000001f7415b7320, 0;
v000001f7415b7320_1 .array/port v000001f7415b7320, 1;
v000001f7415b7320_2 .array/port v000001f7415b7320, 2;
E_000001f741551950/0 .event anyedge, v000001f7415b82c0_0, v000001f7415b7320_0, v000001f7415b7320_1, v000001f7415b7320_2;
v000001f7415b7320_3 .array/port v000001f7415b7320, 3;
v000001f7415b7320_4 .array/port v000001f7415b7320, 4;
v000001f7415b7320_5 .array/port v000001f7415b7320, 5;
v000001f7415b7320_6 .array/port v000001f7415b7320, 6;
E_000001f741551950/1 .event anyedge, v000001f7415b7320_3, v000001f7415b7320_4, v000001f7415b7320_5, v000001f7415b7320_6;
v000001f7415b7320_7 .array/port v000001f7415b7320, 7;
v000001f7415b7320_8 .array/port v000001f7415b7320, 8;
v000001f7415b7320_9 .array/port v000001f7415b7320, 9;
v000001f7415b7320_10 .array/port v000001f7415b7320, 10;
E_000001f741551950/2 .event anyedge, v000001f7415b7320_7, v000001f7415b7320_8, v000001f7415b7320_9, v000001f7415b7320_10;
v000001f7415b7320_11 .array/port v000001f7415b7320, 11;
v000001f7415b7320_12 .array/port v000001f7415b7320, 12;
v000001f7415b7320_13 .array/port v000001f7415b7320, 13;
v000001f7415b7320_14 .array/port v000001f7415b7320, 14;
E_000001f741551950/3 .event anyedge, v000001f7415b7320_11, v000001f7415b7320_12, v000001f7415b7320_13, v000001f7415b7320_14;
v000001f7415b7320_15 .array/port v000001f7415b7320, 15;
E_000001f741551950/4 .event anyedge, v000001f7415b7320_15, v000001f741109870_0, v000001f7415b87c0_0;
E_000001f741551950 .event/or E_000001f741551950/0, E_000001f741551950/1, E_000001f741551950/2, E_000001f741551950/3, E_000001f741551950/4;
v000001f7415b6030_1 .array/port v000001f7415b6030, 1;
E_000001f741551490/0 .event anyedge, v000001f7415b8ae0_0, v000001f7415b6710_0, v000001f7415b6030_0, v000001f7415b6030_1;
v000001f7415b6030_2 .array/port v000001f7415b6030, 2;
v000001f7415b6030_3 .array/port v000001f7415b6030, 3;
v000001f7415b6030_4 .array/port v000001f7415b6030, 4;
v000001f7415b6030_5 .array/port v000001f7415b6030, 5;
E_000001f741551490/1 .event anyedge, v000001f7415b6030_2, v000001f7415b6030_3, v000001f7415b6030_4, v000001f7415b6030_5;
v000001f7415b6030_6 .array/port v000001f7415b6030, 6;
v000001f7415b6030_7 .array/port v000001f7415b6030, 7;
v000001f7415b6030_8 .array/port v000001f7415b6030, 8;
v000001f7415b6030_9 .array/port v000001f7415b6030, 9;
E_000001f741551490/2 .event anyedge, v000001f7415b6030_6, v000001f7415b6030_7, v000001f7415b6030_8, v000001f7415b6030_9;
v000001f7415b6030_10 .array/port v000001f7415b6030, 10;
v000001f7415b6030_11 .array/port v000001f7415b6030, 11;
v000001f7415b6030_12 .array/port v000001f7415b6030, 12;
v000001f7415b6030_13 .array/port v000001f7415b6030, 13;
E_000001f741551490/3 .event anyedge, v000001f7415b6030_10, v000001f7415b6030_11, v000001f7415b6030_12, v000001f7415b6030_13;
v000001f7415b6030_14 .array/port v000001f7415b6030, 14;
v000001f7415b6030_15 .array/port v000001f7415b6030, 15;
E_000001f741551490/4 .event anyedge, v000001f7415b6030_14, v000001f7415b6030_15, v000001f7415b87c0_0, v000001f7415b82c0_0;
E_000001f741551490 .event/or E_000001f741551490/0, E_000001f741551490/1, E_000001f741551490/2, E_000001f741551490/3, E_000001f741551490/4;
L_000001f7415ba0c0 .cmp/gt 4, L_000001f7415bbcc8, v000001f7415b4eb0_0;
L_000001f7415ba2a0 .cmp/gt 4, L_000001f7415bbd10, v000001f7415b4eb0_0;
L_000001f7415bb4c0 .functor MUXZ 32, L_000001f7415bbd58, v000001f7415b7320_5, L_000001f7415ba2a0, C4<>;
L_000001f7415bad40 .functor MUXZ 32, L_000001f7415bb4c0, v000001f7415b7320_4, L_000001f7415ba0c0, C4<>;
L_000001f7415bb240 .cmp/gt 4, v000001f7415b4eb0_0, L_000001f7415bbda0;
L_000001f7415baa20 .cmp/gt 4, v000001f7415b4eb0_0, L_000001f7415bbde8;
L_000001f7415ba8e0 .functor MUXZ 32, L_000001f7415bbe30, v000001f7415b7320_11, L_000001f7415baa20, C4<>;
L_000001f7415ba480 .functor MUXZ 32, L_000001f7415ba8e0, v000001f7415b7320_12, L_000001f7415bb240, C4<>;
L_000001f7415bb6a0 .cmp/gt 4, L_000001f7415bbe78, v000001f7415b4eb0_0;
L_000001f7415b9da0 .cmp/ne 4, v000001f7415b4eb0_0, L_000001f7415bbec0;
L_000001f7415bb2e0 .cmp/ne 4, v000001f7415b4eb0_0, L_000001f7415bbf08;
L_000001f7415b9d00 .functor MUXZ 32, L_000001f7415bbf50, v000001f7415b7320_9, L_000001f741106ba0, C4<>;
L_000001f7415bb380 .functor MUXZ 32, L_000001f7415b9d00, v000001f7415b7320_8, L_000001f7415bb6a0, C4<>;
L_000001f7415b9e40 .cmp/gt 4, v000001f7415b4eb0_0, L_000001f7415bbf98;
L_000001f7415bb560 .cmp/ne 4, v000001f7415b4eb0_0, L_000001f7415bbfe0;
L_000001f7415ba840 .cmp/ne 4, v000001f7415b4eb0_0, L_000001f7415bc028;
L_000001f7415baf20 .functor MUXZ 32, L_000001f7415bc070, v000001f7415b7320_7, L_000001f741106510, C4<>;
L_000001f7415bade0 .functor MUXZ 32, L_000001f7415baf20, v000001f7415b7320_8, L_000001f7415b9e40, C4<>;
L_000001f7415ba520 .cmp/gt 4, L_000001f7415bc0b8, v000001f7415b4eb0_0;
L_000001f7415ba5c0 .cmp/ne 4, v000001f7415b4eb0_0, L_000001f7415bc100;
L_000001f7415ba020 .cmp/ne 4, v000001f7415b4eb0_0, L_000001f7415bc148;
L_000001f7415bb920 .cmp/ne 4, v000001f7415b4eb0_0, L_000001f7415bc190;
L_000001f7415bb9c0 .functor MUXZ 32, L_000001f7415bc1d8, v000001f7415b7320_13, L_000001f741106890, C4<>;
L_000001f7415bb600 .functor MUXZ 32, L_000001f7415bb9c0, v000001f7415b7320_12, L_000001f7415ba520, C4<>;
L_000001f7415bb740 .cmp/gt 4, v000001f7415b4eb0_0, L_000001f7415bc220;
L_000001f7415bafc0 .cmp/ne 4, v000001f7415b4eb0_0, L_000001f7415bc268;
L_000001f7415ba340 .cmp/ne 4, v000001f7415b4eb0_0, L_000001f7415bc2b0;
L_000001f7415ba700 .cmp/ne 4, v000001f7415b4eb0_0, L_000001f7415bc2f8;
L_000001f7415ba980 .functor MUXZ 32, L_000001f7415bc340, v000001f7415b7320_3, L_000001f7411072a0, C4<>;
L_000001f7415bb7e0 .functor MUXZ 32, L_000001f7415ba980, v000001f7415b7320_4, L_000001f7415bb740, C4<>;
    .scope S_000001f741085db0;
T_0 ;
    %wait E_000001f741551490;
    %load/vec4 v000001f7415b8ae0_0;
    %cmpi/e 1, 0, 1;
    %jmp/0xz  T_0.0, 4;
    %load/vec4 v000001f7415b6710_0;
    %ix/load 4, 15, 0;
    %flag_set/imm 4, 0;
    %store/vec4a v000001f7415b4cd0, 4, 0;
    %pushi/vec4 1, 0, 32;
    %store/vec4 v000001f7415b7f00_0, 0, 32;
T_0.2 ;
    %load/vec4 v000001f7415b7f00_0;
    %cmpi/s 16, 0, 32;
    %jmp/0xz T_0.3, 5;
    %load/vec4 v000001f7415b7f00_0;
    %addi 1, 0, 32;
    %subi 1, 0, 32;
    %ix/vec4/s 4;
    %load/vec4a v000001f7415b6030, 4;
    %load/vec4 v000001f7415b7f00_0;
    %subi 1, 0, 32;
    %ix/vec4/s 4;
    %store/vec4a v000001f7415b4cd0, 4, 0;
    %load/vec4 v000001f7415b7f00_0;
    %addi 1, 0, 32;
    %store/vec4 v000001f7415b7f00_0, 0, 32;
    %jmp T_0.2;
T_0.3 ;
    %jmp T_0.1;
T_0.0 ;
    %load/vec4 v000001f7415b87c0_0;
    %cmpi/e 1, 0, 1;
    %flag_get/vec4 4;
    %jmp/0 T_0.6, 4;
    %load/vec4 v000001f7415b82c0_0;
    %pushi/vec4 0, 0, 1;
    %cmp/e;
    %flag_get/vec4 4;
    %and;
T_0.6;
    %flag_set/vec4 8;
    %jmp/0xz  T_0.4, 8;
    %ix/load 4, 4, 0;
    %flag_set/imm 4, 0;
    %load/vec4a v000001f7415b6030, 4;
    %ix/load 4, 0, 0;
    %flag_set/imm 4, 0;
    %store/vec4a v000001f7415b4cd0, 4, 0;
    %ix/load 4, 8, 0;
    %flag_set/imm 4, 0;
    %load/vec4a v000001f7415b6030, 4;
    %ix/load 4, 1, 0;
    %flag_set/imm 4, 0;
    %store/vec4a v000001f7415b4cd0, 4, 0;
    %ix/load 4, 12, 0;
    %flag_set/imm 4, 0;
    %load/vec4a v000001f7415b6030, 4;
    %ix/load 4, 2, 0;
    %flag_set/imm 4, 0;
    %store/vec4a v000001f7415b4cd0, 4, 0;
    %ix/load 4, 1, 0;
    %flag_set/imm 4, 0;
    %load/vec4a v000001f7415b6030, 4;
    %ix/load 4, 3, 0;
    %flag_set/imm 4, 0;
    %store/vec4a v000001f7415b4cd0, 4, 0;
    %ix/load 4, 5, 0;
    %flag_set/imm 4, 0;
    %load/vec4a v000001f7415b6030, 4;
    %ix/load 4, 4, 0;
    %flag_set/imm 4, 0;
    %store/vec4a v000001f7415b4cd0, 4, 0;
    %ix/load 4, 9, 0;
    %flag_set/imm 4, 0;
    %load/vec4a v000001f7415b6030, 4;
    %ix/load 4, 5, 0;
    %flag_set/imm 4, 0;
    %store/vec4a v000001f7415b4cd0, 4, 0;
    %ix/load 4, 13, 0;
    %flag_set/imm 4, 0;
    %load/vec4a v000001f7415b6030, 4;
    %ix/load 4, 6, 0;
    %flag_set/imm 4, 0;
    %store/vec4a v000001f7415b4cd0, 4, 0;
    %ix/load 4, 2, 0;
    %flag_set/imm 4, 0;
    %load/vec4a v000001f7415b6030, 4;
    %ix/load 4, 7, 0;
    %flag_set/imm 4, 0;
    %store/vec4a v000001f7415b4cd0, 4, 0;
    %ix/load 4, 6, 0;
    %flag_set/imm 4, 0;
    %load/vec4a v000001f7415b6030, 4;
    %ix/load 4, 8, 0;
    %flag_set/imm 4, 0;
    %store/vec4a v000001f7415b4cd0, 4, 0;
    %ix/load 4, 10, 0;
    %flag_set/imm 4, 0;
    %load/vec4a v000001f7415b6030, 4;
    %ix/load 4, 9, 0;
    %flag_set/imm 4, 0;
    %store/vec4a v000001f7415b4cd0, 4, 0;
    %ix/load 4, 14, 0;
    %flag_set/imm 4, 0;
    %load/vec4a v000001f7415b6030, 4;
    %ix/load 4, 10, 0;
    %flag_set/imm 4, 0;
    %store/vec4a v000001f7415b4cd0, 4, 0;
    %ix/load 4, 3, 0;
    %flag_set/imm 4, 0;
    %load/vec4a v000001f7415b6030, 4;
    %ix/load 4, 11, 0;
    %flag_set/imm 4, 0;
    %store/vec4a v000001f7415b4cd0, 4, 0;
    %ix/load 4, 7, 0;
    %flag_set/imm 4, 0;
    %load/vec4a v000001f7415b6030, 4;
    %ix/load 4, 12, 0;
    %flag_set/imm 4, 0;
    %store/vec4a v000001f7415b4cd0, 4, 0;
    %ix/load 4, 11, 0;
    %flag_set/imm 4, 0;
    %load/vec4a v000001f7415b6030, 4;
    %ix/load 4, 13, 0;
    %flag_set/imm 4, 0;
    %store/vec4a v000001f7415b4cd0, 4, 0;
    %ix/load 4, 15, 0;
    %flag_set/imm 4, 0;
    %load/vec4a v000001f7415b6030, 4;
    %ix/load 4, 14, 0;
    %flag_set/imm 4, 0;
    %store/vec4a v000001f7415b4cd0, 4, 0;
    %ix/load 4, 0, 0;
    %flag_set/imm 4, 0;
    %load/vec4a v000001f7415b6030, 4;
    %ix/load 4, 15, 0;
    %flag_set/imm 4, 0;
    %store/vec4a v000001f7415b4cd0, 4, 0;
    %jmp T_0.5;
T_0.4 ;
    %ix/load 4, 0, 0;
    %flag_set/imm 4, 0;
    %load/vec4a v000001f7415b6030, 4;
    %ix/load 4, 15, 0;
    %flag_set/imm 4, 0;
    %store/vec4a v000001f7415b4cd0, 4, 0;
    %pushi/vec4 1, 0, 32;
    %store/vec4 v000001f7415b7f00_0, 0, 32;
T_0.7 ;
    %load/vec4 v000001f7415b7f00_0;
    %cmpi/s 16, 0, 32;
    %jmp/0xz T_0.8, 5;
    %load/vec4 v000001f7415b7f00_0;
    %addi 1, 0, 32;
    %subi 1, 0, 32;
    %ix/vec4/s 4;
    %load/vec4a v000001f7415b6030, 4;
    %load/vec4 v000001f7415b7f00_0;
    %subi 1, 0, 32;
    %ix/vec4/s 4;
    %store/vec4a v000001f7415b4cd0, 4, 0;
    %load/vec4 v000001f7415b7f00_0;
    %addi 1, 0, 32;
    %store/vec4 v000001f7415b7f00_0, 0, 32;
    %jmp T_0.7;
T_0.8 ;
T_0.5 ;
T_0.1 ;
    %jmp T_0;
    .thread T_0, $push;
    .scope S_000001f741085db0;
T_1 ;
    %wait E_000001f741550250;
    %pushi/vec4 1, 0, 32;
    %store/vec4 v000001f7415b7f00_0, 0, 32;
T_1.0 ;
    %load/vec4 v000001f7415b7f00_0;
    %cmpi/s 17, 0, 32;
    %jmp/0xz T_1.1, 5;
    %load/vec4 v000001f7415b7f00_0;
    %subi 1, 0, 32;
    %ix/vec4/s 4;
    %load/vec4a v000001f7415b4cd0, 4;
    %load/vec4 v000001f7415b7f00_0;
    %subi 1, 0, 32;
    %ix/vec4/s 3;
    %ix/load 4, 0, 0; Constant delay
    %assign/vec4/a/d v000001f7415b6030, 0, 4;
    %load/vec4 v000001f7415b7f00_0;
    %addi 1, 0, 32;
    %store/vec4 v000001f7415b7f00_0, 0, 32;
    %jmp T_1.0;
T_1.1 ;
    %jmp T_1;
    .thread T_1;
    .scope S_000001f741085db0;
T_2 ;
    %wait E_000001f741551950;
    %load/vec4 v000001f7415b82c0_0;
    %cmpi/e 1, 0, 1;
    %jmp/0xz  T_2.0, 4;
    %ix/load 4, 0, 0;
    %flag_set/imm 4, 0;
    %load/vec4a v000001f7415b7320, 4;
    %ix/load 4, 15, 0;
    %flag_set/imm 4, 0;
    %store/vec4a v000001f7415b6ce0, 4, 0;
    %load/vec4 v000001f7415b7aa0_0;
    %ix/load 4, 14, 0;
    %flag_set/imm 4, 0;
    %store/vec4a v000001f7415b6ce0, 4, 0;
    %pushi/vec4 1, 0, 32;
    %store/vec4 v000001f7415b7f00_0, 0, 32;
T_2.2 ;
    %load/vec4 v000001f7415b7f00_0;
    %cmpi/s 15, 0, 32;
    %jmp/0xz T_2.3, 5;
    %load/vec4 v000001f7415b7f00_0;
    %addi 1, 0, 32;
    %subi 1, 0, 32;
    %ix/vec4/s 4;
    %load/vec4a v000001f7415b7320, 4;
    %load/vec4 v000001f7415b7f00_0;
    %subi 1, 0, 32;
    %ix/vec4/s 4;
    %store/vec4a v000001f7415b6ce0, 4, 0;
    %load/vec4 v000001f7415b7f00_0;
    %addi 1, 0, 32;
    %store/vec4 v000001f7415b7f00_0, 0, 32;
    %jmp T_2.2;
T_2.3 ;
    %jmp T_2.1;
T_2.0 ;
    %load/vec4 v000001f7415b87c0_0;
    %cmpi/e 1, 0, 1;
    %jmp/0xz  T_2.4, 4;
    %ix/load 4, 0, 0;
    %flag_set/imm 4, 0;
    %load/vec4a v000001f7415b7320, 4;
    %ix/load 4, 15, 0;
    %flag_set/imm 4, 0;
    %store/vec4a v000001f7415b6ce0, 4, 0;
    %pushi/vec4 1, 0, 32;
    %store/vec4 v000001f7415b7f00_0, 0, 32;
T_2.6 ;
    %load/vec4 v000001f7415b7f00_0;
    %cmpi/s 16, 0, 32;
    %jmp/0xz T_2.7, 5;
    %load/vec4 v000001f7415b7f00_0;
    %addi 1, 0, 32;
    %subi 1, 0, 32;
    %ix/vec4/s 4;
    %load/vec4a v000001f7415b7320, 4;
    %load/vec4 v000001f7415b7f00_0;
    %subi 1, 0, 32;
    %ix/vec4/s 4;
    %store/vec4a v000001f7415b6ce0, 4, 0;
    %load/vec4 v000001f7415b7f00_0;
    %addi 1, 0, 32;
    %store/vec4 v000001f7415b7f00_0, 0, 32;
    %jmp T_2.6;
T_2.7 ;
    %jmp T_2.5;
T_2.4 ;
    %pushi/vec4 1, 0, 32;
    %store/vec4 v000001f7415b7f00_0, 0, 32;
T_2.8 ;
    %load/vec4 v000001f7415b7f00_0;
    %cmpi/s 17, 0, 32;
    %jmp/0xz T_2.9, 5;
    %load/vec4 v000001f7415b7f00_0;
    %subi 1, 0, 32;
    %ix/vec4/s 4;
    %load/vec4a v000001f7415b7320, 4;
    %load/vec4 v000001f7415b7f00_0;
    %subi 1, 0, 32;
    %ix/vec4/s 4;
    %store/vec4a v000001f7415b6ce0, 4, 0;
    %load/vec4 v000001f7415b7f00_0;
    %addi 1, 0, 32;
    %store/vec4 v000001f7415b7f00_0, 0, 32;
    %jmp T_2.8;
T_2.9 ;
T_2.5 ;
T_2.1 ;
    %jmp T_2;
    .thread T_2, $push;
    .scope S_000001f741085db0;
T_3 ;
    %wait E_000001f741550290;
    %load/vec4 v000001f7415b8b80_0;
    %cmpi/e 1, 0, 1;
    %jmp/0xz  T_3.0, 4;
    %pushi/vec4 0, 0, 32;
    %ix/load 3, 0, 0;
    %flag_set/imm 4, 0;
    %ix/load 4, 0, 0; Constant delay
    %assign/vec4/a/d v000001f7415b7320, 0, 4;
    %pushi/vec4 0, 0, 32;
    %ix/load 3, 1, 0;
    %flag_set/imm 4, 0;
    %ix/load 4, 0, 0; Constant delay
    %assign/vec4/a/d v000001f7415b7320, 0, 4;
    %pushi/vec4 0, 0, 32;
    %ix/load 3, 2, 0;
    %flag_set/imm 4, 0;
    %ix/load 4, 0, 0; Constant delay
    %assign/vec4/a/d v000001f7415b7320, 0, 4;
    %pushi/vec4 0, 0, 32;
    %ix/load 3, 3, 0;
    %flag_set/imm 4, 0;
    %ix/load 4, 0, 0; Constant delay
    %assign/vec4/a/d v000001f7415b7320, 0, 4;
    %pushi/vec4 0, 0, 32;
    %ix/load 3, 4, 0;
    %flag_set/imm 4, 0;
    %ix/load 4, 0, 0; Constant delay
    %assign/vec4/a/d v000001f7415b7320, 0, 4;
    %pushi/vec4 0, 0, 32;
    %ix/load 3, 5, 0;
    %flag_set/imm 4, 0;
    %ix/load 4, 0, 0; Constant delay
    %assign/vec4/a/d v000001f7415b7320, 0, 4;
    %pushi/vec4 0, 0, 32;
    %ix/load 3, 6, 0;
    %flag_set/imm 4, 0;
    %ix/load 4, 0, 0; Constant delay
    %assign/vec4/a/d v000001f7415b7320, 0, 4;
    %pushi/vec4 0, 0, 32;
    %ix/load 3, 7, 0;
    %flag_set/imm 4, 0;
    %ix/load 4, 0, 0; Constant delay
    %assign/vec4/a/d v000001f7415b7320, 0, 4;
    %pushi/vec4 0, 0, 32;
    %ix/load 3, 8, 0;
    %flag_set/imm 4, 0;
    %ix/load 4, 0, 0; Constant delay
    %assign/vec4/a/d v000001f7415b7320, 0, 4;
    %pushi/vec4 0, 0, 32;
    %ix/load 3, 9, 0;
    %flag_set/imm 4, 0;
    %ix/load 4, 0, 0; Constant delay
    %assign/vec4/a/d v000001f7415b7320, 0, 4;
    %pushi/vec4 0, 0, 32;
    %ix/load 3, 10, 0;
    %flag_set/imm 4, 0;
    %ix/load 4, 0, 0; Constant delay
    %assign/vec4/a/d v000001f7415b7320, 0, 4;
    %pushi/vec4 0, 0, 32;
    %ix/load 3, 11, 0;
    %flag_set/imm 4, 0;
    %ix/load 4, 0, 0; Constant delay
    %assign/vec4/a/d v000001f7415b7320, 0, 4;
    %pushi/vec4 0, 0, 32;
    %ix/load 3, 12, 0;
    %flag_set/imm 4, 0;
    %ix/load 4, 0, 0; Constant delay
    %assign/vec4/a/d v000001f7415b7320, 0, 4;
    %pushi/vec4 0, 0, 32;
    %ix/load 3, 13, 0;
    %flag_set/imm 4, 0;
    %ix/load 4, 0, 0; Constant delay
    %assign/vec4/a/d v000001f7415b7320, 0, 4;
    %pushi/vec4 0, 0, 32;
    %ix/load 3, 14, 0;
    %flag_set/imm 4, 0;
    %ix/load 4, 0, 0; Constant delay
    %assign/vec4/a/d v000001f7415b7320, 0, 4;
    %pushi/vec4 0, 0, 32;
    %ix/load 3, 15, 0;
    %flag_set/imm 4, 0;
    %ix/load 4, 0, 0; Constant delay
    %assign/vec4/a/d v000001f7415b7320, 0, 4;
    %jmp T_3.1;
T_3.0 ;
    %pushi/vec4 1, 0, 32;
    %store/vec4 v000001f7415b7f00_0, 0, 32;
T_3.2 ;
    %load/vec4 v000001f7415b7f00_0;
    %cmpi/s 17, 0, 32;
    %jmp/0xz T_3.3, 5;
    %load/vec4 v000001f7415b7f00_0;
    %subi 1, 0, 32;
    %ix/vec4/s 4;
    %load/vec4a v000001f7415b6ce0, 4;
    %load/vec4 v000001f7415b7f00_0;
    %subi 1, 0, 32;
    %ix/vec4/s 3;
    %ix/load 4, 0, 0; Constant delay
    %assign/vec4/a/d v000001f7415b7320, 0, 4;
    %load/vec4 v000001f7415b7f00_0;
    %addi 1, 0, 32;
    %store/vec4 v000001f7415b7f00_0, 0, 32;
    %jmp T_3.2;
T_3.3 ;
T_3.1 ;
    %jmp T_3;
    .thread T_3;
    .scope S_000001f741085db0;
T_4 ;
    %wait E_000001f7415513d0;
    %load/vec4 v000001f7415b4eb0_0;
    %addi 1, 0, 4;
    %store/vec4 v000001f7415b4ff0_0, 0, 4;
    %jmp T_4;
    .thread T_4, $push;
    .scope S_000001f741085db0;
T_5 ;
    %wait E_000001f741550290;
    %load/vec4 v000001f7415b8b80_0;
    %cmpi/e 1, 0, 1;
    %jmp/0xz  T_5.0, 4;
    %pushi/vec4 0, 0, 4;
    %assign/vec4 v000001f7415b4eb0_0, 0;
    %jmp T_5.1;
T_5.0 ;
    %load/vec4 v000001f7415b87c0_0;
    %cmpi/e 1, 0, 1;
    %jmp/1 T_5.4, 4;
    %flag_mov 8, 4;
    %load/vec4 v000001f7415b8ae0_0;
    %cmpi/e 1, 0, 1;
    %flag_or 4, 8;
T_5.4;
    %jmp/0xz  T_5.2, 4;
    %load/vec4 v000001f7415b4ff0_0;
    %assign/vec4 v000001f7415b4eb0_0, 0;
    %jmp T_5.3;
T_5.2 ;
    %pushi/vec4 0, 0, 4;
    %assign/vec4 v000001f7415b4eb0_0, 0;
T_5.3 ;
T_5.1 ;
    %jmp T_5;
    .thread T_5;
    .scope S_000001f741085db0;
T_6 ;
    %wait E_000001f741550c90;
    %load/vec4 v000001f7415b4eb0_0;
    %cmpi/e 15, 0, 4;
    %jmp/0xz  T_6.0, 4;
    %pushi/vec4 1, 0, 1;
    %store/vec4 v000001f7415b8a40_0, 0, 1;
    %jmp T_6.1;
T_6.0 ;
    %load/vec4 v000001f7415b87c0_0;
    %store/vec4 v000001f7415b8a40_0, 0, 1;
T_6.1 ;
    %jmp T_6;
    .thread T_6, $push;
    .scope S_000001f741085db0;
T_7 ;
    %wait E_000001f741550290;
    %load/vec4 v000001f7415b8b80_0;
    %cmpi/e 1, 0, 1;
    %jmp/0xz  T_7.0, 4;
    %pushi/vec4 0, 0, 1;
    %assign/vec4 v000001f7415b87c0_0, 0;
    %jmp T_7.1;
T_7.0 ;
    %load/vec4 v000001f7415b8a40_0;
    %assign/vec4 v000001f7415b87c0_0, 0;
T_7.1 ;
    %jmp T_7;
    .thread T_7;
    .scope S_000001f741085db0;
T_8 ;
    %wait E_000001f7415502d0;
    %load/vec4 v000001f7415b87c0_0;
    %store/vec4 v000001f7415b7820_0, 0, 1;
    %jmp T_8;
    .thread T_8, $push;
    .scope S_000001f741085db0;
T_9 ;
    %wait E_000001f741550290;
    %load/vec4 v000001f7415b8b80_0;
    %cmpi/e 1, 0, 1;
    %jmp/0xz  T_9.0, 4;
    %pushi/vec4 0, 0, 1;
    %assign/vec4 v000001f7415b82c0_0, 0;
    %jmp T_9.1;
T_9.0 ;
    %load/vec4 v000001f7415b7820_0;
    %assign/vec4 v000001f7415b82c0_0, 0;
T_9.1 ;
    %jmp T_9;
    .thread T_9;
    .scope S_000001f74154c640;
T_10 ;
    %wait E_000001f741550250;
    %load/vec4 v000001f7410d9f70_0;
    %assign/vec4 v000001f7410d8df0_0, 0;
    %jmp T_10;
    .thread T_10;
    .scope S_000001f7415365c0;
T_11 ;
    %wait E_000001f741550050;
    %load/vec4 v000001f7415b6e20_0;
    %cmpi/e 1, 0, 1;
    %jmp/0xz  T_11.0, 4;
    %pushi/vec4 0, 0, 4;
    %store/vec4 v000001f7415b6d80_0, 0, 4;
    %jmp T_11.1;
T_11.0 ;
    %load/vec4 v000001f7415b8040_0;
    %addi 1, 0, 4;
    %store/vec4 v000001f7415b6d80_0, 0, 4;
T_11.1 ;
    %jmp T_11;
    .thread T_11, $push;
    .scope S_000001f7415365c0;
T_12 ;
    %wait E_000001f741550250;
    %load/vec4 v000001f7415b6d80_0;
    %assign/vec4 v000001f7415b8040_0, 0;
    %jmp T_12;
    .thread T_12;
    .scope S_000001f7415365c0;
T_13 ;
    %wait E_000001f741550910;
    %load/vec4 v000001f7415b6e20_0;
    %cmpi/e 1, 0, 1;
    %jmp/0xz  T_13.0, 4;
    %pushi/vec4 0, 0, 9;
    %store/vec4 v000001f7415b6ec0_0, 0, 9;
    %jmp T_13.1;
T_13.0 ;
    %load/vec4 v000001f7415b8040_0;
    %cmpi/e 15, 0, 4;
    %jmp/0xz  T_13.2, 4;
    %load/vec4 v000001f7415b76e0_0;
    %addi 1, 0, 9;
    %store/vec4 v000001f7415b6ec0_0, 0, 9;
    %jmp T_13.3;
T_13.2 ;
    %load/vec4 v000001f7415b76e0_0;
    %store/vec4 v000001f7415b6ec0_0, 0, 9;
T_13.3 ;
T_13.1 ;
    %jmp T_13;
    .thread T_13, $push;
    .scope S_000001f7415365c0;
T_14 ;
    %wait E_000001f741550250;
    %load/vec4 v000001f7415b6ec0_0;
    %assign/vec4 v000001f7415b76e0_0, 0;
    %jmp T_14;
    .thread T_14;
    .scope S_000001f7415365c0;
T_15 ;
    %wait E_000001f74154ff10;
    %pushi/vec4 1, 0, 32;
    %store/vec4 v000001f7415b8180_0, 0, 32;
T_15.0 ;
    %load/vec4 v000001f7415b8180_0;
    %cmpi/s 17, 0, 32;
    %jmp/0xz T_15.1, 5;
    %load/vec4 v000001f7415b8180_0;
    %subi 1, 0, 32;
    %ix/vec4/s 4;
    %load/vec4a v000001f7415b7c80, 4;
    %load/vec4 v000001f7415b8180_0;
    %subi 1, 0, 32;
    %ix/vec4/s 4;
    %store/vec4a v000001f7415b7d20, 4, 0;
    %load/vec4 v000001f7415b8180_0;
    %addi 1, 0, 32;
    %store/vec4 v000001f7415b8180_0, 0, 32;
    %jmp T_15.0;
T_15.1 ;
    %load/vec4 v000001f7415b7780_0;
    %flag_set/vec4 9;
    %flag_get/vec4 9;
    %jmp/0 T_15.4, 9;
    %load/vec4 v000001f7415b76e0_0;
    %pad/u 32;
    %cmpi/e 69, 0, 32;
    %flag_get/vec4 4;
    %jmp/0 T_15.6, 4;
    %pushi/vec4 1, 0, 4;
    %load/vec4 v000001f7415b8040_0;
    %cmp/u;
    %flag_get/vec4 4;
    %flag_get/vec4 5;
    %or;
    %and;
T_15.6;
    %flag_set/vec4 9;
    %flag_get/vec4 9;
    %jmp/1 T_15.5, 9;
    %load/vec4 v000001f7415b76e0_0;
    %pad/u 32;
    %cmpi/e 70, 0, 32;
    %flag_get/vec4 4;
    %jmp/0 T_15.7, 4;
    %load/vec4 v000001f7415b8040_0;
    %pushi/vec4 0, 0, 4;
    %cmp/e;
    %flag_get/vec4 4;
    %and;
T_15.7;
    %or;
T_15.5;
    %and;
T_15.4;
    %flag_set/vec4 8;
    %jmp/0xz  T_15.2, 8;
    %load/vec4 v000001f7415b7140_0;
    %ix/load 4, 15, 0;
    %flag_set/imm 4, 0;
    %store/vec4a v000001f7415b7d20, 4, 0;
    %pushi/vec4 1, 0, 32;
    %store/vec4 v000001f7415b8180_0, 0, 32;
T_15.8 ;
    %load/vec4 v000001f7415b8180_0;
    %cmpi/s 16, 0, 32;
    %jmp/0xz T_15.9, 5;
    %load/vec4 v000001f7415b8180_0;
    %addi 1, 0, 32;
    %subi 1, 0, 32;
    %ix/vec4/s 4;
    %load/vec4a v000001f7415b7c80, 4;
    %load/vec4 v000001f7415b8180_0;
    %subi 1, 0, 32;
    %ix/vec4/s 4;
    %store/vec4a v000001f7415b7d20, 4, 0;
    %load/vec4 v000001f7415b8180_0;
    %addi 1, 0, 32;
    %store/vec4 v000001f7415b8180_0, 0, 32;
    %jmp T_15.8;
T_15.9 ;
T_15.2 ;
    %jmp T_15;
    .thread T_15, $push;
    .scope S_000001f7415365c0;
T_16 ;
    %wait E_000001f741550250;
    %pushi/vec4 1, 0, 32;
    %store/vec4 v000001f7415b8180_0, 0, 32;
T_16.0 ;
    %load/vec4 v000001f7415b8180_0;
    %cmpi/s 17, 0, 32;
    %jmp/0xz T_16.1, 5;
    %load/vec4 v000001f7415b8180_0;
    %subi 1, 0, 32;
    %ix/vec4/s 4;
    %load/vec4a v000001f7415b7d20, 4;
    %load/vec4 v000001f7415b8180_0;
    %subi 1, 0, 32;
    %ix/vec4/s 3;
    %ix/load 4, 0, 0; Constant delay
    %assign/vec4/a/d v000001f7415b7c80, 0, 4;
    %load/vec4 v000001f7415b8180_0;
    %addi 1, 0, 32;
    %store/vec4 v000001f7415b8180_0, 0, 32;
    %jmp T_16.0;
T_16.1 ;
    %jmp T_16;
    .thread T_16;
    .scope S_000001f7415365c0;
T_17 ;
    %wait E_000001f741550210;
    %load/vec4 v000001f7415b8040_0;
    %dup/vec4;
    %pushi/vec4 0, 0, 4;
    %cmp/u;
    %jmp/1 T_17.0, 6;
    %dup/vec4;
    %pushi/vec4 1, 0, 4;
    %cmp/u;
    %jmp/1 T_17.1, 6;
    %dup/vec4;
    %pushi/vec4 2, 0, 4;
    %cmp/u;
    %jmp/1 T_17.2, 6;
    %dup/vec4;
    %pushi/vec4 3, 0, 4;
    %cmp/u;
    %jmp/1 T_17.3, 6;
    %dup/vec4;
    %pushi/vec4 4, 0, 4;
    %cmp/u;
    %jmp/1 T_17.4, 6;
    %dup/vec4;
    %pushi/vec4 5, 0, 4;
    %cmp/u;
    %jmp/1 T_17.5, 6;
    %dup/vec4;
    %pushi/vec4 6, 0, 4;
    %cmp/u;
    %jmp/1 T_17.6, 6;
    %dup/vec4;
    %pushi/vec4 7, 0, 4;
    %cmp/u;
    %jmp/1 T_17.7, 6;
    %dup/vec4;
    %pushi/vec4 8, 0, 4;
    %cmp/u;
    %jmp/1 T_17.8, 6;
    %dup/vec4;
    %pushi/vec4 9, 0, 4;
    %cmp/u;
    %jmp/1 T_17.9, 6;
    %dup/vec4;
    %pushi/vec4 10, 0, 4;
    %cmp/u;
    %jmp/1 T_17.10, 6;
    %dup/vec4;
    %pushi/vec4 11, 0, 4;
    %cmp/u;
    %jmp/1 T_17.11, 6;
    %dup/vec4;
    %pushi/vec4 12, 0, 4;
    %cmp/u;
    %jmp/1 T_17.12, 6;
    %dup/vec4;
    %pushi/vec4 13, 0, 4;
    %cmp/u;
    %jmp/1 T_17.13, 6;
    %dup/vec4;
    %pushi/vec4 14, 0, 4;
    %cmp/u;
    %jmp/1 T_17.14, 6;
    %dup/vec4;
    %pushi/vec4 15, 0, 4;
    %cmp/u;
    %jmp/1 T_17.15, 6;
    %jmp T_17.16;
T_17.0 ;
    %ix/load 4, 0, 0;
    %flag_set/imm 4, 0;
    %load/vec4a v000001f7415b7c80, 4;
    %store/vec4 v000001f7415b7a00_0, 0, 32;
    %jmp T_17.16;
T_17.1 ;
    %ix/load 4, 4, 0;
    %flag_set/imm 4, 0;
    %load/vec4a v000001f7415b7c80, 4;
    %store/vec4 v000001f7415b7a00_0, 0, 32;
    %jmp T_17.16;
T_17.2 ;
    %ix/load 4, 8, 0;
    %flag_set/imm 4, 0;
    %load/vec4a v000001f7415b7c80, 4;
    %store/vec4 v000001f7415b7a00_0, 0, 32;
    %jmp T_17.16;
T_17.3 ;
    %ix/load 4, 12, 0;
    %flag_set/imm 4, 0;
    %load/vec4a v000001f7415b7c80, 4;
    %store/vec4 v000001f7415b7a00_0, 0, 32;
    %jmp T_17.16;
T_17.4 ;
    %ix/load 4, 1, 0;
    %flag_set/imm 4, 0;
    %load/vec4a v000001f7415b7c80, 4;
    %store/vec4 v000001f7415b7a00_0, 0, 32;
    %jmp T_17.16;
T_17.5 ;
    %ix/load 4, 5, 0;
    %flag_set/imm 4, 0;
    %load/vec4a v000001f7415b7c80, 4;
    %store/vec4 v000001f7415b7a00_0, 0, 32;
    %jmp T_17.16;
T_17.6 ;
    %ix/load 4, 9, 0;
    %flag_set/imm 4, 0;
    %load/vec4a v000001f7415b7c80, 4;
    %store/vec4 v000001f7415b7a00_0, 0, 32;
    %jmp T_17.16;
T_17.7 ;
    %ix/load 4, 13, 0;
    %flag_set/imm 4, 0;
    %load/vec4a v000001f7415b7c80, 4;
    %store/vec4 v000001f7415b7a00_0, 0, 32;
    %jmp T_17.16;
T_17.8 ;
    %ix/load 4, 2, 0;
    %flag_set/imm 4, 0;
    %load/vec4a v000001f7415b7c80, 4;
    %store/vec4 v000001f7415b7a00_0, 0, 32;
    %jmp T_17.16;
T_17.9 ;
    %ix/load 4, 6, 0;
    %flag_set/imm 4, 0;
    %load/vec4a v000001f7415b7c80, 4;
    %store/vec4 v000001f7415b7a00_0, 0, 32;
    %jmp T_17.16;
T_17.10 ;
    %ix/load 4, 10, 0;
    %flag_set/imm 4, 0;
    %load/vec4a v000001f7415b7c80, 4;
    %store/vec4 v000001f7415b7a00_0, 0, 32;
    %jmp T_17.16;
T_17.11 ;
    %ix/load 4, 14, 0;
    %flag_set/imm 4, 0;
    %load/vec4a v000001f7415b7c80, 4;
    %store/vec4 v000001f7415b7a00_0, 0, 32;
    %jmp T_17.16;
T_17.12 ;
    %ix/load 4, 3, 0;
    %flag_set/imm 4, 0;
    %load/vec4a v000001f7415b7c80, 4;
    %store/vec4 v000001f7415b7a00_0, 0, 32;
    %jmp T_17.16;
T_17.13 ;
    %ix/load 4, 7, 0;
    %flag_set/imm 4, 0;
    %load/vec4a v000001f7415b7c80, 4;
    %store/vec4 v000001f7415b7a00_0, 0, 32;
    %jmp T_17.16;
T_17.14 ;
    %ix/load 4, 11, 0;
    %flag_set/imm 4, 0;
    %load/vec4a v000001f7415b7c80, 4;
    %store/vec4 v000001f7415b7a00_0, 0, 32;
    %jmp T_17.16;
T_17.15 ;
    %ix/load 4, 15, 0;
    %flag_set/imm 4, 0;
    %load/vec4a v000001f7415b7c80, 4;
    %store/vec4 v000001f7415b7a00_0, 0, 32;
    %jmp T_17.16;
T_17.16 ;
    %pop/vec4 1;
    %jmp T_17;
    .thread T_17, $push;
    .scope S_000001f74110da80;
T_18 ;
    %vpi_call 2 35 "$readmemh", "./pattern4.dat", v000001f7415bbba0 {0 0 0};
    %end;
    .thread T_18;
    .scope S_000001f74110da80;
T_19 ;
    %pushi/vec4 0, 0, 1;
    %store/vec4 v000001f7415bab60_0, 0, 1;
    %pushi/vec4 0, 0, 1;
    %store/vec4 v000001f7415baca0_0, 0, 1;
    %pushi/vec4 0, 0, 1;
    %store/vec4 v000001f7415b9f80_0, 0, 1;
    %pushi/vec4 0, 65535, 16;
    %store/vec4 v000001f7415bbb00_0, 0, 16;
    %pushi/vec4 0, 0, 1;
    %store/vec4 v000001f7415bac00_0, 0, 1;
    %pushi/vec4 0, 0, 32;
    %store/vec4 v000001f7415ba660_0, 0, 32;
    %end;
    .thread T_19;
    .scope S_000001f74110da80;
T_20 ;
    %delay 500, 0;
    %load/vec4 v000001f7415bab60_0;
    %inv;
    %store/vec4 v000001f7415bab60_0, 0, 1;
    %jmp T_20;
    .thread T_20;
    .scope S_000001f74110da80;
T_21 ;
    %vpi_call 2 50 "$dumpfile", "GSIM.vcd" {0 0 0};
    %vpi_call 2 51 "$dumpvars" {0 0 0};
    %vpi_func 2 55 "$fopen" 32, "out.dat" {0 0 0};
    %store/vec4 v000001f7415bae80_0, 0, 32;
    %load/vec4 v000001f7415bae80_0;
    %cmpi/e 0, 0, 32;
    %jmp/0xz  T_21.0, 4;
    %vpi_call 2 57 "$display", "Output file open error !" {0 0 0};
    %vpi_call 2 58 "$finish" {0 0 0};
T_21.0 ;
    %end;
    .thread T_21;
    .scope S_000001f74110da80;
T_22 ;
    %wait E_000001f741550250;
    %delay 100, 0;
    %pushi/vec4 1, 0, 1;
    %store/vec4 v000001f7415baca0_0, 0, 1;
    %delay 1000, 0;
    %pushi/vec4 0, 0, 1;
    %store/vec4 v000001f7415baca0_0, 0, 1;
    %wait E_000001f741550250;
    %delay 100, 0;
    %pushi/vec4 0, 0, 32;
    %store/vec4 v000001f7415ba160_0, 0, 32;
T_22.0 ;
    %load/vec4 v000001f7415ba160_0;
    %cmpi/s 16, 0, 32;
    %jmp/0xz T_22.1, 5;
    %ix/getv/s 4, v000001f7415ba160_0;
    %load/vec4a v000001f7415bbba0, 4;
    %store/vec4 v000001f7415bbb00_0, 0, 16;
    %ix/getv/s 4, v000001f7415ba160_0;
    %load/vec4a v000001f7415bbba0, 4;
    %ix/getv/s 4, v000001f7415ba160_0;
    %store/vec4a v000001f7415b7fa0, 4, 0;
    %pushi/vec4 1, 0, 1;
    %store/vec4 v000001f7415b9f80_0, 0, 1;
    %load/vec4 v000001f7415ba160_0;
    %addi 1, 0, 32;
    %store/vec4 v000001f7415ba160_0, 0, 32;
    %wait E_000001f741550250;
    %delay 100, 0;
    %jmp T_22.0;
T_22.1 ;
    %pushi/vec4 0, 0, 1;
    %store/vec4 v000001f7415b9f80_0, 0, 1;
    %pushi/vec4 0, 65535, 16;
    %store/vec4 v000001f7415bbb00_0, 0, 16;
    %end;
    .thread T_22;
    .scope S_000001f74110da80;
T_23 ;
    %wait E_000001f741550250;
    %load/vec4 v000001f7415ba660_0;
    %cmpi/s 16, 0, 32;
    %jmp/0xz  T_23.0, 5;
    %load/vec4 v000001f7415baac0_0;
    %flag_set/vec4 8;
    %jmp/0xz  T_23.2, 8;
    %load/vec4 v000001f7415ba200_0;
    %ix/getv/s 4, v000001f7415ba660_0;
    %store/vec4a v000001f7415bb1a0, 4, 0;
    %load/vec4 v000001f7415ba660_0;
    %addi 1, 0, 32;
    %store/vec4 v000001f7415ba660_0, 0, 32;
T_23.2 ;
    %jmp T_23.1;
T_23.0 ;
    %pushi/vec4 1, 0, 1;
    %store/vec4 v000001f7415bac00_0, 0, 1;
T_23.1 ;
    %jmp T_23;
    .thread T_23;
    .scope S_000001f74110da80;
T_24 ;
    %wait E_000001f741550590;
    %pushi/vec4 0, 0, 32;
    %store/vec4 v000001f7415bb880_0, 0, 32;
T_24.0 ;
    %load/vec4 v000001f7415bb880_0;
    %cmpi/s 15, 0, 32;
    %flag_or 5, 4;
    %jmp/0xz T_24.1, 5;
    %ix/getv/s 4, v000001f7415bb880_0;
    %load/vec4a v000001f7415bb1a0, 4;
    %parti/s 1, 31, 6;
    %pad/u 32;
    %cmpi/e 1, 0, 32;
    %jmp/0xz  T_24.2, 4;
    %ix/getv/s 4, v000001f7415bb880_0;
    %load/vec4a v000001f7415bb1a0, 4;
    %inv;
    %addi 1, 0, 32;
    %cvt/rv;
    %ix/getv/s 4, v000001f7415bb880_0;
    %store/reala v000001f7415ba7a0, 4;
    %pushi/real 0, 0; load 0.0
    %ix/getv/s 4, v000001f7415bb880_0;
    %load/ar v000001f7415ba7a0, 4;
    %sub/wr;
    %pushi/vec4 65536, 0, 32;
    %cvt/rv/s;
    %div/wr;
    %ix/getv/s 4, v000001f7415bb880_0;
    %store/reala v000001f7415ba7a0, 4;
    %jmp T_24.3;
T_24.2 ;
    %ix/getv/s 4, v000001f7415bb880_0;
    %load/vec4a v000001f7415bb1a0, 4;
    %cvt/rv;
    %ix/getv/s 4, v000001f7415bb880_0;
    %store/reala v000001f7415ba7a0, 4;
    %ix/getv/s 4, v000001f7415bb880_0;
    %load/ar v000001f7415ba7a0, 4;
    %pushi/vec4 65536, 0, 32;
    %cvt/rv/s;
    %div/wr;
    %ix/getv/s 4, v000001f7415bb880_0;
    %store/reala v000001f7415ba7a0, 4;
T_24.3 ;
    %load/vec4 v000001f7415bb880_0;
    %addi 1, 0, 32;
    %store/vec4 v000001f7415bb880_0, 0, 32;
    %jmp T_24.0;
T_24.1 ;
    %ix/load 4, 0, 0;
    %flag_set/imm 4, 0;
    %load/ar v000001f7415ba7a0, 4;
    %pushi/vec4 20, 0, 32;
    %cvt/rv/s;
    %mul/wr;
    %ix/load 4, 1, 0;
    %flag_set/imm 4, 0;
    %load/ar v000001f7415ba7a0, 4;
    %pushi/vec4 13, 0, 32;
    %cvt/rv/s;
    %mul/wr;
    %sub/wr;
    %ix/load 4, 2, 0;
    %flag_set/imm 4, 0;
    %load/ar v000001f7415ba7a0, 4;
    %pushi/vec4 6, 0, 32;
    %cvt/rv/s;
    %mul/wr;
    %add/wr;
    %ix/load 4, 3, 0;
    %flag_set/imm 4, 0;
    %load/ar v000001f7415ba7a0, 4;
    %sub/wr;
    %ix/load 4, 0, 0;
    %flag_set/imm 4, 0;
    %store/reala v000001f7415b7dc0, 4;
    %ix/load 4, 0, 0;
    %flag_set/imm 4, 0;
    %load/ar v000001f7415ba7a0, 4;
    %pushi/vec4 4294967283, 0, 32;
    %cvt/rv/s;
    %mul/wr;
    %ix/load 4, 1, 0;
    %flag_set/imm 4, 0;
    %load/ar v000001f7415ba7a0, 4;
    %pushi/vec4 20, 0, 32;
    %cvt/rv/s;
    %mul/wr;
    %add/wr;
    %ix/load 4, 2, 0;
    %flag_set/imm 4, 0;
    %load/ar v000001f7415ba7a0, 4;
    %pushi/vec4 13, 0, 32;
    %cvt/rv/s;
    %mul/wr;
    %sub/wr;
    %ix/load 4, 3, 0;
    %flag_set/imm 4, 0;
    %load/ar v000001f7415ba7a0, 4;
    %pushi/vec4 6, 0, 32;
    %cvt/rv/s;
    %mul/wr;
    %add/wr;
    %ix/load 4, 4, 0;
    %flag_set/imm 4, 0;
    %load/ar v000001f7415ba7a0, 4;
    %sub/wr;
    %ix/load 4, 1, 0;
    %flag_set/imm 4, 0;
    %store/reala v000001f7415b7dc0, 4;
    %ix/load 4, 0, 0;
    %flag_set/imm 4, 0;
    %load/ar v000001f7415ba7a0, 4;
    %pushi/vec4 6, 0, 32;
    %cvt/rv/s;
    %mul/wr;
    %ix/load 4, 1, 0;
    %flag_set/imm 4, 0;
    %load/ar v000001f7415ba7a0, 4;
    %pushi/vec4 13, 0, 32;
    %cvt/rv/s;
    %mul/wr;
    %sub/wr;
    %ix/load 4, 2, 0;
    %flag_set/imm 4, 0;
    %load/ar v000001f7415ba7a0, 4;
    %pushi/vec4 20, 0, 32;
    %cvt/rv/s;
    %mul/wr;
    %add/wr;
    %ix/load 4, 3, 0;
    %flag_set/imm 4, 0;
    %load/ar v000001f7415ba7a0, 4;
    %pushi/vec4 13, 0, 32;
    %cvt/rv/s;
    %mul/wr;
    %sub/wr;
    %ix/load 4, 4, 0;
    %flag_set/imm 4, 0;
    %load/ar v000001f7415ba7a0, 4;
    %pushi/vec4 6, 0, 32;
    %cvt/rv/s;
    %mul/wr;
    %add/wr;
    %ix/load 4, 5, 0;
    %flag_set/imm 4, 0;
    %load/ar v000001f7415ba7a0, 4;
    %sub/wr;
    %ix/load 4, 2, 0;
    %flag_set/imm 4, 0;
    %store/reala v000001f7415b7dc0, 4;
    %pushi/real 0, 0; load 0.0
    %ix/load 4, 0, 0;
    %flag_set/imm 4, 0;
    %load/ar v000001f7415ba7a0, 4;
    %sub/wr;
    %ix/load 4, 1, 0;
    %flag_set/imm 4, 0;
    %load/ar v000001f7415ba7a0, 4;
    %pushi/vec4 6, 0, 32;
    %cvt/rv/s;
    %mul/wr;
    %add/wr;
    %ix/load 4, 2, 0;
    %flag_set/imm 4, 0;
    %load/ar v000001f7415ba7a0, 4;
    %pushi/vec4 13, 0, 32;
    %cvt/rv/s;
    %mul/wr;
    %sub/wr;
    %ix/load 4, 3, 0;
    %flag_set/imm 4, 0;
    %load/ar v000001f7415ba7a0, 4;
    %pushi/vec4 20, 0, 32;
    %cvt/rv/s;
    %mul/wr;
    %add/wr;
    %ix/load 4, 4, 0;
    %flag_set/imm 4, 0;
    %load/ar v000001f7415ba7a0, 4;
    %pushi/vec4 13, 0, 32;
    %cvt/rv/s;
    %mul/wr;
    %sub/wr;
    %ix/load 4, 5, 0;
    %flag_set/imm 4, 0;
    %load/ar v000001f7415ba7a0, 4;
    %pushi/vec4 6, 0, 32;
    %cvt/rv/s;
    %mul/wr;
    %add/wr;
    %ix/load 4, 6, 0;
    %flag_set/imm 4, 0;
    %load/ar v000001f7415ba7a0, 4;
    %sub/wr;
    %ix/load 4, 3, 0;
    %flag_set/imm 4, 0;
    %store/reala v000001f7415b7dc0, 4;
    %pushi/real 0, 0; load 0.0
    %ix/load 4, 1, 0;
    %flag_set/imm 4, 0;
    %load/ar v000001f7415ba7a0, 4;
    %sub/wr;
    %ix/load 4, 2, 0;
    %flag_set/imm 4, 0;
    %load/ar v000001f7415ba7a0, 4;
    %pushi/vec4 6, 0, 32;
    %cvt/rv/s;
    %mul/wr;
    %add/wr;
    %ix/load 4, 3, 0;
    %flag_set/imm 4, 0;
    %load/ar v000001f7415ba7a0, 4;
    %pushi/vec4 13, 0, 32;
    %cvt/rv/s;
    %mul/wr;
    %sub/wr;
    %ix/load 4, 4, 0;
    %flag_set/imm 4, 0;
    %load/ar v000001f7415ba7a0, 4;
    %pushi/vec4 20, 0, 32;
    %cvt/rv/s;
    %mul/wr;
    %add/wr;
    %ix/load 4, 5, 0;
    %flag_set/imm 4, 0;
    %load/ar v000001f7415ba7a0, 4;
    %pushi/vec4 13, 0, 32;
    %cvt/rv/s;
    %mul/wr;
    %sub/wr;
    %ix/load 4, 6, 0;
    %flag_set/imm 4, 0;
    %load/ar v000001f7415ba7a0, 4;
    %pushi/vec4 6, 0, 32;
    %cvt/rv/s;
    %mul/wr;
    %add/wr;
    %ix/load 4, 7, 0;
    %flag_set/imm 4, 0;
    %load/ar v000001f7415ba7a0, 4;
    %sub/wr;
    %ix/load 4, 4, 0;
    %flag_set/imm 4, 0;
    %store/reala v000001f7415b7dc0, 4;
    %pushi/real 0, 0; load 0.0
    %ix/load 4, 2, 0;
    %flag_set/imm 4, 0;
    %load/ar v000001f7415ba7a0, 4;
    %sub/wr;
    %ix/load 4, 3, 0;
    %flag_set/imm 4, 0;
    %load/ar v000001f7415ba7a0, 4;
    %pushi/vec4 6, 0, 32;
    %cvt/rv/s;
    %mul/wr;
    %add/wr;
    %ix/load 4, 4, 0;
    %flag_set/imm 4, 0;
    %load/ar v000001f7415ba7a0, 4;
    %pushi/vec4 13, 0, 32;
    %cvt/rv/s;
    %mul/wr;
    %sub/wr;
    %ix/load 4, 5, 0;
    %flag_set/imm 4, 0;
    %load/ar v000001f7415ba7a0, 4;
    %pushi/vec4 20, 0, 32;
    %cvt/rv/s;
    %mul/wr;
    %add/wr;
    %ix/load 4, 6, 0;
    %flag_set/imm 4, 0;
    %load/ar v000001f7415ba7a0, 4;
    %pushi/vec4 13, 0, 32;
    %cvt/rv/s;
    %mul/wr;
    %sub/wr;
    %ix/load 4, 7, 0;
    %flag_set/imm 4, 0;
    %load/ar v000001f7415ba7a0, 4;
    %pushi/vec4 6, 0, 32;
    %cvt/rv/s;
    %mul/wr;
    %add/wr;
    %ix/load 4, 8, 0;
    %flag_set/imm 4, 0;
    %load/ar v000001f7415ba7a0, 4;
    %sub/wr;
    %ix/load 4, 5, 0;
    %flag_set/imm 4, 0;
    %store/reala v000001f7415b7dc0, 4;
    %pushi/real 0, 0; load 0.0
    %ix/load 4, 3, 0;
    %flag_set/imm 4, 0;
    %load/ar v000001f7415ba7a0, 4;
    %sub/wr;
    %ix/load 4, 4, 0;
    %flag_set/imm 4, 0;
    %load/ar v000001f7415ba7a0, 4;
    %pushi/vec4 6, 0, 32;
    %cvt/rv/s;
    %mul/wr;
    %add/wr;
    %ix/load 4, 5, 0;
    %flag_set/imm 4, 0;
    %load/ar v000001f7415ba7a0, 4;
    %pushi/vec4 13, 0, 32;
    %cvt/rv/s;
    %mul/wr;
    %sub/wr;
    %ix/load 4, 6, 0;
    %flag_set/imm 4, 0;
    %load/ar v000001f7415ba7a0, 4;
    %pushi/vec4 20, 0, 32;
    %cvt/rv/s;
    %mul/wr;
    %add/wr;
    %ix/load 4, 7, 0;
    %flag_set/imm 4, 0;
    %load/ar v000001f7415ba7a0, 4;
    %pushi/vec4 13, 0, 32;
    %cvt/rv/s;
    %mul/wr;
    %sub/wr;
    %ix/load 4, 8, 0;
    %flag_set/imm 4, 0;
    %load/ar v000001f7415ba7a0, 4;
    %pushi/vec4 6, 0, 32;
    %cvt/rv/s;
    %mul/wr;
    %add/wr;
    %ix/load 4, 9, 0;
    %flag_set/imm 4, 0;
    %load/ar v000001f7415ba7a0, 4;
    %sub/wr;
    %ix/load 4, 6, 0;
    %flag_set/imm 4, 0;
    %store/reala v000001f7415b7dc0, 4;
    %pushi/real 0, 0; load 0.0
    %ix/load 4, 4, 0;
    %flag_set/imm 4, 0;
    %load/ar v000001f7415ba7a0, 4;
    %sub/wr;
    %ix/load 4, 5, 0;
    %flag_set/imm 4, 0;
    %load/ar v000001f7415ba7a0, 4;
    %pushi/vec4 6, 0, 32;
    %cvt/rv/s;
    %mul/wr;
    %add/wr;
    %ix/load 4, 6, 0;
    %flag_set/imm 4, 0;
    %load/ar v000001f7415ba7a0, 4;
    %pushi/vec4 13, 0, 32;
    %cvt/rv/s;
    %mul/wr;
    %sub/wr;
    %ix/load 4, 7, 0;
    %flag_set/imm 4, 0;
    %load/ar v000001f7415ba7a0, 4;
    %pushi/vec4 20, 0, 32;
    %cvt/rv/s;
    %mul/wr;
    %add/wr;
    %ix/load 4, 8, 0;
    %flag_set/imm 4, 0;
    %load/ar v000001f7415ba7a0, 4;
    %pushi/vec4 13, 0, 32;
    %cvt/rv/s;
    %mul/wr;
    %sub/wr;
    %ix/load 4, 9, 0;
    %flag_set/imm 4, 0;
    %load/ar v000001f7415ba7a0, 4;
    %pushi/vec4 6, 0, 32;
    %cvt/rv/s;
    %mul/wr;
    %add/wr;
    %ix/load 4, 10, 0;
    %flag_set/imm 4, 0;
    %load/ar v000001f7415ba7a0, 4;
    %sub/wr;
    %ix/load 4, 7, 0;
    %flag_set/imm 4, 0;
    %store/reala v000001f7415b7dc0, 4;
    %pushi/real 0, 0; load 0.0
    %ix/load 4, 5, 0;
    %flag_set/imm 4, 0;
    %load/ar v000001f7415ba7a0, 4;
    %sub/wr;
    %ix/load 4, 6, 0;
    %flag_set/imm 4, 0;
    %load/ar v000001f7415ba7a0, 4;
    %pushi/vec4 6, 0, 32;
    %cvt/rv/s;
    %mul/wr;
    %add/wr;
    %ix/load 4, 7, 0;
    %flag_set/imm 4, 0;
    %load/ar v000001f7415ba7a0, 4;
    %pushi/vec4 13, 0, 32;
    %cvt/rv/s;
    %mul/wr;
    %sub/wr;
    %ix/load 4, 8, 0;
    %flag_set/imm 4, 0;
    %load/ar v000001f7415ba7a0, 4;
    %pushi/vec4 20, 0, 32;
    %cvt/rv/s;
    %mul/wr;
    %add/wr;
    %ix/load 4, 9, 0;
    %flag_set/imm 4, 0;
    %load/ar v000001f7415ba7a0, 4;
    %pushi/vec4 13, 0, 32;
    %cvt/rv/s;
    %mul/wr;
    %sub/wr;
    %ix/load 4, 10, 0;
    %flag_set/imm 4, 0;
    %load/ar v000001f7415ba7a0, 4;
    %pushi/vec4 6, 0, 32;
    %cvt/rv/s;
    %mul/wr;
    %add/wr;
    %ix/load 4, 11, 0;
    %flag_set/imm 4, 0;
    %load/ar v000001f7415ba7a0, 4;
    %sub/wr;
    %ix/load 4, 8, 0;
    %flag_set/imm 4, 0;
    %store/reala v000001f7415b7dc0, 4;
    %pushi/real 0, 0; load 0.0
    %ix/load 4, 6, 0;
    %flag_set/imm 4, 0;
    %load/ar v000001f7415ba7a0, 4;
    %sub/wr;
    %ix/load 4, 7, 0;
    %flag_set/imm 4, 0;
    %load/ar v000001f7415ba7a0, 4;
    %pushi/vec4 6, 0, 32;
    %cvt/rv/s;
    %mul/wr;
    %add/wr;
    %ix/load 4, 8, 0;
    %flag_set/imm 4, 0;
    %load/ar v000001f7415ba7a0, 4;
    %pushi/vec4 13, 0, 32;
    %cvt/rv/s;
    %mul/wr;
    %sub/wr;
    %ix/load 4, 9, 0;
    %flag_set/imm 4, 0;
    %load/ar v000001f7415ba7a0, 4;
    %pushi/vec4 20, 0, 32;
    %cvt/rv/s;
    %mul/wr;
    %add/wr;
    %ix/load 4, 10, 0;
    %flag_set/imm 4, 0;
    %load/ar v000001f7415ba7a0, 4;
    %pushi/vec4 13, 0, 32;
    %cvt/rv/s;
    %mul/wr;
    %sub/wr;
    %ix/load 4, 11, 0;
    %flag_set/imm 4, 0;
    %load/ar v000001f7415ba7a0, 4;
    %pushi/vec4 6, 0, 32;
    %cvt/rv/s;
    %mul/wr;
    %add/wr;
    %ix/load 4, 12, 0;
    %flag_set/imm 4, 0;
    %load/ar v000001f7415ba7a0, 4;
    %sub/wr;
    %ix/load 4, 9, 0;
    %flag_set/imm 4, 0;
    %store/reala v000001f7415b7dc0, 4;
    %pushi/real 0, 0; load 0.0
    %ix/load 4, 7, 0;
    %flag_set/imm 4, 0;
    %load/ar v000001f7415ba7a0, 4;
    %sub/wr;
    %ix/load 4, 8, 0;
    %flag_set/imm 4, 0;
    %load/ar v000001f7415ba7a0, 4;
    %pushi/vec4 6, 0, 32;
    %cvt/rv/s;
    %mul/wr;
    %add/wr;
    %ix/load 4, 9, 0;
    %flag_set/imm 4, 0;
    %load/ar v000001f7415ba7a0, 4;
    %pushi/vec4 13, 0, 32;
    %cvt/rv/s;
    %mul/wr;
    %sub/wr;
    %ix/load 4, 10, 0;
    %flag_set/imm 4, 0;
    %load/ar v000001f7415ba7a0, 4;
    %pushi/vec4 20, 0, 32;
    %cvt/rv/s;
    %mul/wr;
    %add/wr;
    %ix/load 4, 11, 0;
    %flag_set/imm 4, 0;
    %load/ar v000001f7415ba7a0, 4;
    %pushi/vec4 13, 0, 32;
    %cvt/rv/s;
    %mul/wr;
    %sub/wr;
    %ix/load 4, 12, 0;
    %flag_set/imm 4, 0;
    %load/ar v000001f7415ba7a0, 4;
    %pushi/vec4 6, 0, 32;
    %cvt/rv/s;
    %mul/wr;
    %add/wr;
    %ix/load 4, 13, 0;
    %flag_set/imm 4, 0;
    %load/ar v000001f7415ba7a0, 4;
    %sub/wr;
    %ix/load 4, 10, 0;
    %flag_set/imm 4, 0;
    %store/reala v000001f7415b7dc0, 4;
    %pushi/real 0, 0; load 0.0
    %ix/load 4, 8, 0;
    %flag_set/imm 4, 0;
    %load/ar v000001f7415ba7a0, 4;
    %sub/wr;
    %ix/load 4, 9, 0;
    %flag_set/imm 4, 0;
    %load/ar v000001f7415ba7a0, 4;
    %pushi/vec4 6, 0, 32;
    %cvt/rv/s;
    %mul/wr;
    %add/wr;
    %ix/load 4, 10, 0;
    %flag_set/imm 4, 0;
    %load/ar v000001f7415ba7a0, 4;
    %pushi/vec4 13, 0, 32;
    %cvt/rv/s;
    %mul/wr;
    %sub/wr;
    %ix/load 4, 11, 0;
    %flag_set/imm 4, 0;
    %load/ar v000001f7415ba7a0, 4;
    %pushi/vec4 20, 0, 32;
    %cvt/rv/s;
    %mul/wr;
    %add/wr;
    %ix/load 4, 12, 0;
    %flag_set/imm 4, 0;
    %load/ar v000001f7415ba7a0, 4;
    %pushi/vec4 13, 0, 32;
    %cvt/rv/s;
    %mul/wr;
    %sub/wr;
    %ix/load 4, 13, 0;
    %flag_set/imm 4, 0;
    %load/ar v000001f7415ba7a0, 4;
    %pushi/vec4 6, 0, 32;
    %cvt/rv/s;
    %mul/wr;
    %add/wr;
    %ix/load 4, 14, 0;
    %flag_set/imm 4, 0;
    %load/ar v000001f7415ba7a0, 4;
    %sub/wr;
    %ix/load 4, 11, 0;
    %flag_set/imm 4, 0;
    %store/reala v000001f7415b7dc0, 4;
    %pushi/real 0, 0; load 0.0
    %ix/load 4, 9, 0;
    %flag_set/imm 4, 0;
    %load/ar v000001f7415ba7a0, 4;
    %sub/wr;
    %ix/load 4, 10, 0;
    %flag_set/imm 4, 0;
    %load/ar v000001f7415ba7a0, 4;
    %pushi/vec4 6, 0, 32;
    %cvt/rv/s;
    %mul/wr;
    %add/wr;
    %ix/load 4, 11, 0;
    %flag_set/imm 4, 0;
    %load/ar v000001f7415ba7a0, 4;
    %pushi/vec4 13, 0, 32;
    %cvt/rv/s;
    %mul/wr;
    %sub/wr;
    %ix/load 4, 12, 0;
    %flag_set/imm 4, 0;
    %load/ar v000001f7415ba7a0, 4;
    %pushi/vec4 20, 0, 32;
    %cvt/rv/s;
    %mul/wr;
    %add/wr;
    %ix/load 4, 13, 0;
    %flag_set/imm 4, 0;
    %load/ar v000001f7415ba7a0, 4;
    %pushi/vec4 13, 0, 32;
    %cvt/rv/s;
    %mul/wr;
    %sub/wr;
    %ix/load 4, 14, 0;
    %flag_set/imm 4, 0;
    %load/ar v000001f7415ba7a0, 4;
    %pushi/vec4 6, 0, 32;
    %cvt/rv/s;
    %mul/wr;
    %add/wr;
    %ix/load 4, 15, 0;
    %flag_set/imm 4, 0;
    %load/ar v000001f7415ba7a0, 4;
    %sub/wr;
    %ix/load 4, 12, 0;
    %flag_set/imm 4, 0;
    %store/reala v000001f7415b7dc0, 4;
    %pushi/real 0, 0; load 0.0
    %ix/load 4, 10, 0;
    %flag_set/imm 4, 0;
    %load/ar v000001f7415ba7a0, 4;
    %sub/wr;
    %ix/load 4, 11, 0;
    %flag_set/imm 4, 0;
    %load/ar v000001f7415ba7a0, 4;
    %pushi/vec4 6, 0, 32;
    %cvt/rv/s;
    %mul/wr;
    %add/wr;
    %ix/load 4, 12, 0;
    %flag_set/imm 4, 0;
    %load/ar v000001f7415ba7a0, 4;
    %pushi/vec4 13, 0, 32;
    %cvt/rv/s;
    %mul/wr;
    %sub/wr;
    %ix/load 4, 13, 0;
    %flag_set/imm 4, 0;
    %load/ar v000001f7415ba7a0, 4;
    %pushi/vec4 20, 0, 32;
    %cvt/rv/s;
    %mul/wr;
    %add/wr;
    %ix/load 4, 14, 0;
    %flag_set/imm 4, 0;
    %load/ar v000001f7415ba7a0, 4;
    %pushi/vec4 13, 0, 32;
    %cvt/rv/s;
    %mul/wr;
    %sub/wr;
    %ix/load 4, 15, 0;
    %flag_set/imm 4, 0;
    %load/ar v000001f7415ba7a0, 4;
    %pushi/vec4 6, 0, 32;
    %cvt/rv/s;
    %mul/wr;
    %add/wr;
    %ix/load 4, 13, 0;
    %flag_set/imm 4, 0;
    %store/reala v000001f7415b7dc0, 4;
    %pushi/real 0, 0; load 0.0
    %ix/load 4, 11, 0;
    %flag_set/imm 4, 0;
    %load/ar v000001f7415ba7a0, 4;
    %sub/wr;
    %ix/load 4, 12, 0;
    %flag_set/imm 4, 0;
    %load/ar v000001f7415ba7a0, 4;
    %pushi/vec4 6, 0, 32;
    %cvt/rv/s;
    %mul/wr;
    %add/wr;
    %ix/load 4, 13, 0;
    %flag_set/imm 4, 0;
    %load/ar v000001f7415ba7a0, 4;
    %pushi/vec4 13, 0, 32;
    %cvt/rv/s;
    %mul/wr;
    %sub/wr;
    %ix/load 4, 14, 0;
    %flag_set/imm 4, 0;
    %load/ar v000001f7415ba7a0, 4;
    %pushi/vec4 20, 0, 32;
    %cvt/rv/s;
    %mul/wr;
    %add/wr;
    %ix/load 4, 15, 0;
    %flag_set/imm 4, 0;
    %load/ar v000001f7415ba7a0, 4;
    %pushi/vec4 13, 0, 32;
    %cvt/rv/s;
    %mul/wr;
    %sub/wr;
    %ix/load 4, 14, 0;
    %flag_set/imm 4, 0;
    %store/reala v000001f7415b7dc0, 4;
    %pushi/real 0, 0; load 0.0
    %ix/load 4, 12, 0;
    %flag_set/imm 4, 0;
    %load/ar v000001f7415ba7a0, 4;
    %sub/wr;
    %ix/load 4, 13, 0;
    %flag_set/imm 4, 0;
    %load/ar v000001f7415ba7a0, 4;
    %pushi/vec4 6, 0, 32;
    %cvt/rv/s;
    %mul/wr;
    %add/wr;
    %ix/load 4, 14, 0;
    %flag_set/imm 4, 0;
    %load/ar v000001f7415ba7a0, 4;
    %pushi/vec4 13, 0, 32;
    %cvt/rv/s;
    %mul/wr;
    %sub/wr;
    %ix/load 4, 15, 0;
    %flag_set/imm 4, 0;
    %load/ar v000001f7415ba7a0, 4;
    %pushi/vec4 20, 0, 32;
    %cvt/rv/s;
    %mul/wr;
    %add/wr;
    %ix/load 4, 15, 0;
    %flag_set/imm 4, 0;
    %store/reala v000001f7415b7dc0, 4;
    %pushi/real 0, 4065; load=0.00000
    %store/real v000001f7415b7e60_0;
    %pushi/vec4 0, 0, 32;
    %store/vec4 v000001f7415bb880_0, 0, 32;
T_24.4 ;
    %load/vec4 v000001f7415bb880_0;
    %cmpi/s 15, 0, 32;
    %flag_or 5, 4;
    %jmp/0xz T_24.5, 5;
    %ix/getv/s 4, v000001f7415bb880_0;
    %load/vec4a v000001f7415b7fa0, 4;
    %parti/s 1, 15, 5;
    %pad/u 32;
    %cmpi/e 1, 0, 32;
    %jmp/0xz  T_24.6, 4;
    %ix/getv/s 4, v000001f7415bb880_0;
    %load/vec4a v000001f7415b7fa0, 4;
    %inv;
    %addi 1, 0, 16;
    %store/vec4 v000001f7415ba3e0_0, 0, 16;
    %load/vec4 v000001f7415ba3e0_0;
    %cvt/rv;
    %store/real v000001f7415bb420_0;
    %load/real v000001f7415bb420_0;
    %ix/getv/s 4, v000001f7415bb880_0;
    %load/ar v000001f7415b7dc0, 4;
    %add/wr;
    %store/real v000001f7415b9ee0_0;
    %jmp T_24.7;
T_24.6 ;
    %ix/getv/s 4, v000001f7415bb880_0;
    %load/ar v000001f7415b7dc0, 4;
    %ix/getv/s 4, v000001f7415bb880_0;
    %load/vec4a v000001f7415b7fa0, 4;
    %cvt/rv;
    %sub/wr;
    %store/real v000001f7415b9ee0_0;
T_24.7 ;
    %load/real v000001f7415b7e60_0;
    %load/real v000001f7415b9ee0_0;
    %load/real v000001f7415b9ee0_0;
    %mul/wr;
    %add/wr;
    %store/real v000001f7415b7e60_0;
    %load/vec4 v000001f7415bb880_0;
    %addi 1, 0, 32;
    %store/vec4 v000001f7415bb880_0, 0, 32;
    %jmp T_24.4;
T_24.5 ;
    %vpi_call 2 131 "$display", "-----------------------------------------------------\012" {0 0 0};
    %vpi_call 2 132 "$display", "        Your Output           Golden X\012" {0 0 0};
    %vpi_call 2 133 "$display", "  X1:     %.10f          1884.8452680518   \012", &A<v000001f7415ba7a0, 0> {0 0 0};
    %vpi_call 2 134 "$display", "  X2:     %.10f           155.4564432201   \012", &A<v000001f7415ba7a0, 1> {0 0 0};
    %vpi_call 2 135 "$display", "  X3:     %.10f         -2936.0241066128   \012", &A<v000001f7415ba7a0, 2> {0 0 0};
    %vpi_call 2 136 "$display", "  X4:     %.10f         -1960.1730405011   \012", &A<v000001f7415ba7a0, 3> {0 0 0};
    %vpi_call 2 137 "$display", "  X5:     %.10f           -14.5844773115   \012", &A<v000001f7415ba7a0, 4> {0 0 0};
    %vpi_call 2 138 "$display", "  X6:     %.10f         -3257.6016231618   \012", &A<v000001f7415ba7a0, 5> {0 0 0};
    %vpi_call 2 139 "$display", "  X7:     %.10f         -4299.2655667074   \012", &A<v000001f7415ba7a0, 6> {0 0 0};
    %vpi_call 2 140 "$display", "  X8:     %.10f         -1357.8134017543   \012", &A<v000001f7415ba7a0, 7> {0 0 0};
    %vpi_call 2 141 "$display", "  X9:     %.10f          4844.1235620902   \012", &A<v000001f7415ba7a0, 8> {0 0 0};
    %vpi_call 2 142 "$display", " X10:     %.10f          5614.4915389351   \012", &A<v000001f7415ba7a0, 9> {0 0 0};
    %vpi_call 2 143 "$display", " X11:     %.10f          1678.5019968875   \012", &A<v000001f7415ba7a0, 10> {0 0 0};
    %vpi_call 2 144 "$display", " X12:     %.10f         -2291.3243373030   \012", &A<v000001f7415ba7a0, 11> {0 0 0};
    %vpi_call 2 145 "$display", " X13:     %.10f         -4038.8623556450   \012", &A<v000001f7415ba7a0, 12> {0 0 0};
    %vpi_call 2 146 "$display", " X14:     %.10f         -3472.7530430418   \012", &A<v000001f7415ba7a0, 13> {0 0 0};
    %vpi_call 2 147 "$display", " X15:     %.10f         -5240.4946689421   \012", &A<v000001f7415ba7a0, 14> {0 0 0};
    %vpi_call 2 148 "$display", " X16:     %.10f         -3970.6887396821   \012", &A<v000001f7415ba7a0, 15> {0 0 0};
    %vpi_call 2 149 "$display", "-----------------------------------------------------\012" {0 0 0};
    %vpi_call 2 150 "$display", "So Your Error Ratio=  %.15f\012", v000001f7415b7e60_0 {0 0 0};
    %vpi_call 2 151 "$display", "-----------------------------------------------------\012" {0 0 0};
    %load/real v000001f7415b7e60_0;
    %store/real v000001f7415b9ee0_0;
    %load/real v000001f7415b9ee0_0;
    %pushi/real 1125899906, 4046; load=1.00000e-06
    %pushi/real 3534221, 4024; load=1.00000e-06
    %add/wr;
    %cmp/wr;
    %flag_get/vec4 5;
    %jmp/0 T_24.11, 5;
    %load/real v000001f7415b9ee0_0;
    %pushi/vec4 4294967295, 4294967295, 32;
    %cvt/rv;
    %cmp/wr;
    %flag_inv 4;
    %flag_get/vec4 4;
    %and;
T_24.11;
    %flag_set/vec4 9;
    %flag_get/vec4 9;
    %jmp/0 T_24.10, 9;
    %load/real v000001f7415b9ee0_0;
    %pushi/vec4 0, 4294967295, 32;
    %cvt/rv;
    %cmp/wr;
    %flag_inv 4;
    %flag_get/vec4 4;
    %and;
T_24.10;
    %flag_set/vec4 8;
    %jmp/0xz  T_24.8, 8;
    %vpi_call 2 155 "$display", "Your Score Level: A \012" {0 0 0};
    %vpi_call 2 156 "$display", "Congratulations! GSIM's Function Successfully!\012" {0 0 0};
    %vpi_call 2 157 "$display", "-------------------------PASS------------------------\012" {0 0 0};
    %jmp T_24.9;
T_24.8 ;
    %pushi/real 1125899906, 4046; load=1.00000e-06
    %pushi/real 3534221, 4024; load=1.00000e-06
    %add/wr;
    %load/real v000001f7415b9ee0_0;
    %cmp/wr;
    %flag_or 5, 4;
    %flag_get/vec4 5;
    %jmp/0 T_24.16, 5;
    %load/real v000001f7415b9ee0_0;
    %pushi/real 1407374883, 4048; load=5.00000e-06
    %pushi/real 2320625, 4026; load=5.00000e-06
    %add/wr;
    %cmp/wr;
    %flag_get/vec4 5;
    %and;
T_24.16;
    %flag_set/vec4 10;
    %flag_get/vec4 10;
    %jmp/0 T_24.15, 10;
    %load/real v000001f7415b9ee0_0;
    %pushi/vec4 4294967295, 4294967295, 32;
    %cvt/rv;
    %cmp/wr;
    %flag_inv 4;
    %flag_get/vec4 4;
    %and;
T_24.15;
    %flag_set/vec4 9;
    %flag_get/vec4 9;
    %jmp/0 T_24.14, 9;
    %load/real v000001f7415b9ee0_0;
    %pushi/vec4 0, 4294967295, 32;
    %cvt/rv;
    %cmp/wr;
    %flag_inv 4;
    %flag_get/vec4 4;
    %and;
T_24.14;
    %flag_set/vec4 8;
    %jmp/0xz  T_24.12, 8;
    %vpi_call 2 161 "$display", "Your Score Level: B \012" {0 0 0};
    %vpi_call 2 162 "$display", "Congratulations! GSIM's Function Successfully!\012" {0 0 0};
    %vpi_call 2 163 "$display", "-------------------------PASS------------------------\012" {0 0 0};
    %jmp T_24.13;
T_24.12 ;
    %pushi/real 1407374883, 4048; load=5.00000e-06
    %pushi/real 2320625, 4026; load=5.00000e-06
    %add/wr;
    %load/real v000001f7415b9ee0_0;
    %cmp/wr;
    %flag_or 5, 4;
    %flag_get/vec4 5;
    %jmp/0 T_24.21, 5;
    %load/real v000001f7415b9ee0_0;
    %pushi/real 1407374883, 4049; load=1.00000e-05
    %pushi/real 2320625, 4027; load=1.00000e-05
    %add/wr;
    %cmp/wr;
    %flag_get/vec4 5;
    %and;
T_24.21;
    %flag_set/vec4 10;
    %flag_get/vec4 10;
    %jmp/0 T_24.20, 10;
    %load/real v000001f7415b9ee0_0;
    %pushi/vec4 4294967295, 4294967295, 32;
    %cvt/rv;
    %cmp/wr;
    %flag_inv 4;
    %flag_get/vec4 4;
    %and;
T_24.20;
    %flag_set/vec4 9;
    %flag_get/vec4 9;
    %jmp/0 T_24.19, 9;
    %load/real v000001f7415b9ee0_0;
    %pushi/vec4 0, 4294967295, 32;
    %cvt/rv;
    %cmp/wr;
    %flag_inv 4;
    %flag_get/vec4 4;
    %and;
T_24.19;
    %flag_set/vec4 8;
    %jmp/0xz  T_24.17, 8;
    %vpi_call 2 166 "$display", "Your Score Level: C \012" {0 0 0};
    %vpi_call 2 167 "$display", "Congratulations! GSIM's Function Successfully!\012" {0 0 0};
    %vpi_call 2 168 "$display", "-------------------------PASS------------------------\012" {0 0 0};
    %jmp T_24.18;
T_24.17 ;
    %pushi/real 1407374883, 4049; load=1.00000e-05
    %pushi/real 2320625, 4027; load=1.00000e-05
    %add/wr;
    %load/real v000001f7415b9ee0_0;
    %cmp/wr;
    %flag_or 5, 4;
    %flag_get/vec4 5;
    %jmp/0 T_24.26, 5;
    %load/real v000001f7415b9ee0_0;
    %pushi/real 1759218604, 4051; load=5.00000e-05
    %pushi/real 1852205, 4029; load=5.00000e-05
    %add/wr;
    %cmp/wr;
    %flag_get/vec4 5;
    %and;
T_24.26;
    %flag_set/vec4 10;
    %flag_get/vec4 10;
    %jmp/0 T_24.25, 10;
    %load/real v000001f7415b9ee0_0;
    %pushi/vec4 4294967295, 4294967295, 32;
    %cvt/rv;
    %cmp/wr;
    %flag_inv 4;
    %flag_get/vec4 4;
    %and;
T_24.25;
    %flag_set/vec4 9;
    %flag_get/vec4 9;
    %jmp/0 T_24.24, 9;
    %load/real v000001f7415b9ee0_0;
    %pushi/vec4 0, 4294967295, 32;
    %cvt/rv;
    %cmp/wr;
    %flag_inv 4;
    %flag_get/vec4 4;
    %and;
T_24.24;
    %flag_set/vec4 8;
    %jmp/0xz  T_24.22, 8;
    %vpi_call 2 171 "$display", "Your Score Level: D \012" {0 0 0};
    %vpi_call 2 172 "$display", "Congratulations! GSIM's Function Successfully!\012" {0 0 0};
    %vpi_call 2 173 "$display", "-------------------------PASS------------------------\012" {0 0 0};
    %jmp T_24.23;
T_24.22 ;
    %pushi/real 1759218604, 4051; load=5.00000e-05
    %pushi/real 1852205, 4029; load=5.00000e-05
    %add/wr;
    %load/real v000001f7415b9ee0_0;
    %cmp/wr;
    %flag_or 5, 4;
    %flag_get/vec4 5;
    %jmp/0 T_24.31, 5;
    %load/real v000001f7415b9ee0_0;
    %pushi/real 1759218604, 4052; load=0.000100000
    %pushi/real 1852205, 4030; load=0.000100000
    %add/wr;
    %cmp/wr;
    %flag_get/vec4 5;
    %and;
T_24.31;
    %flag_set/vec4 10;
    %flag_get/vec4 10;
    %jmp/0 T_24.30, 10;
    %load/real v000001f7415b9ee0_0;
    %pushi/vec4 4294967295, 4294967295, 32;
    %cvt/rv;
    %cmp/wr;
    %flag_inv 4;
    %flag_get/vec4 4;
    %and;
T_24.30;
    %flag_set/vec4 9;
    %flag_get/vec4 9;
    %jmp/0 T_24.29, 9;
    %load/real v000001f7415b9ee0_0;
    %pushi/vec4 0, 4294967295, 32;
    %cvt/rv;
    %cmp/wr;
    %flag_inv 4;
    %flag_get/vec4 4;
    %and;
T_24.29;
    %flag_set/vec4 8;
    %jmp/0xz  T_24.27, 8;
    %vpi_call 2 177 "$display", "Your Score Level: E \012" {0 0 0};
    %vpi_call 2 178 "$display", "Congratulations! GSIM's Function Successfully!\012" {0 0 0};
    %vpi_call 2 179 "$display", "-------------------------PASS------------------------\012" {0 0 0};
    %jmp T_24.28;
T_24.27 ;
    %pushi/real 1759218604, 4052; load=0.000100000
    %pushi/real 1852205, 4030; load=0.000100000
    %add/wr;
    %load/real v000001f7415b9ee0_0;
    %cmp/wr;
    %flag_or 5, 4;
    %flag_get/vec4 5;
    %jmp/0 T_24.36, 5;
    %load/real v000001f7415b9ee0_0;
    %pushi/real 1099511627, 4056; load=0.00100000
    %pushi/real 3254780, 4034; load=0.00100000
    %add/wr;
    %cmp/wr;
    %flag_get/vec4 5;
    %and;
T_24.36;
    %flag_set/vec4 10;
    %flag_get/vec4 10;
    %jmp/0 T_24.35, 10;
    %load/real v000001f7415b9ee0_0;
    %pushi/vec4 4294967295, 4294967295, 32;
    %cvt/rv;
    %cmp/wr;
    %flag_inv 4;
    %flag_get/vec4 4;
    %and;
T_24.35;
    %flag_set/vec4 9;
    %flag_get/vec4 9;
    %jmp/0 T_24.34, 9;
    %load/real v000001f7415b9ee0_0;
    %pushi/vec4 0, 4294967295, 32;
    %cvt/rv;
    %cmp/wr;
    %flag_inv 4;
    %flag_get/vec4 4;
    %and;
T_24.34;
    %flag_set/vec4 8;
    %jmp/0xz  T_24.32, 8;
    %vpi_call 2 182 "$display", "Your Score Level: F \012" {0 0 0};
    %vpi_call 2 183 "$display", "Congratulations! GSIM's Function Successfully!\012" {0 0 0};
    %vpi_call 2 184 "$display", "-------------------------PASS------------------------\012" {0 0 0};
    %jmp T_24.33;
T_24.32 ;
    %pushi/real 1099511627, 4056; load=0.00100000
    %pushi/real 3254780, 4034; load=0.00100000
    %add/wr;
    %load/real v000001f7415b9ee0_0;
    %cmp/wr;
    %flag_or 5, 4;
    %flag_get/vec4 5;
    %jmp/0 T_24.41, 5;
    %load/real v000001f7415b9ee0_0;
    %pushi/real 1374389534, 4058; load=0.00500000
    %pushi/real 3019899, 4036; load=0.00500000
    %add/wr;
    %cmp/wr;
    %flag_get/vec4 5;
    %and;
T_24.41;
    %flag_set/vec4 10;
    %flag_get/vec4 10;
    %jmp/0 T_24.40, 10;
    %load/real v000001f7415b9ee0_0;
    %pushi/vec4 4294967295, 4294967295, 32;
    %cvt/rv;
    %cmp/wr;
    %flag_inv 4;
    %flag_get/vec4 4;
    %and;
T_24.40;
    %flag_set/vec4 9;
    %flag_get/vec4 9;
    %jmp/0 T_24.39, 9;
    %load/real v000001f7415b9ee0_0;
    %pushi/vec4 0, 4294967295, 32;
    %cvt/rv;
    %cmp/wr;
    %flag_inv 4;
    %flag_get/vec4 4;
    %and;
T_24.39;
    %flag_set/vec4 8;
    %jmp/0xz  T_24.37, 8;
    %vpi_call 2 187 "$display", "Your Score Level: G \012" {0 0 0};
    %vpi_call 2 188 "$display", "Congratulations! GSIM's Function Successfully!\012" {0 0 0};
    %vpi_call 2 189 "$display", "-------------------------PASS------------------------\012" {0 0 0};
    %jmp T_24.38;
T_24.37 ;
    %pushi/real 1374389534, 4058; load=0.00500000
    %pushi/real 3019899, 4036; load=0.00500000
    %add/wr;
    %load/real v000001f7415b9ee0_0;
    %cmp/wr;
    %flag_or 5, 4;
    %flag_get/vec4 5;
    %jmp/0 T_24.46, 5;
    %load/real v000001f7415b9ee0_0;
    %pushi/real 1374389534, 4059; load=0.0100000
    %pushi/real 3019899, 4037; load=0.0100000
    %add/wr;
    %cmp/wr;
    %flag_get/vec4 5;
    %and;
T_24.46;
    %flag_set/vec4 10;
    %flag_get/vec4 10;
    %jmp/0 T_24.45, 10;
    %load/real v000001f7415b9ee0_0;
    %pushi/vec4 4294967295, 4294967295, 32;
    %cvt/rv;
    %cmp/wr;
    %flag_inv 4;
    %flag_get/vec4 4;
    %and;
T_24.45;
    %flag_set/vec4 9;
    %flag_get/vec4 9;
    %jmp/0 T_24.44, 9;
    %load/real v000001f7415b9ee0_0;
    %pushi/vec4 0, 4294967295, 32;
    %cvt/rv;
    %cmp/wr;
    %flag_inv 4;
    %flag_get/vec4 4;
    %and;
T_24.44;
    %flag_set/vec4 8;
    %jmp/0xz  T_24.42, 8;
    %vpi_call 2 192 "$display", "Your Score Level: H \012" {0 0 0};
    %vpi_call 2 193 "$display", "Congratulations! GSIM's Function Successfully!\012" {0 0 0};
    %vpi_call 2 194 "$display", "-------------------------PASS------------------------\012" {0 0 0};
    %jmp T_24.43;
T_24.42 ;
    %pushi/real 1374389534, 4059; load=0.0100000
    %pushi/real 3019899, 4037; load=0.0100000
    %add/wr;
    %load/real v000001f7415b9ee0_0;
    %cmp/wr;
    %flag_or 5, 4;
    %flag_get/vec4 5;
    %jmp/0 T_24.51, 5;
    %load/real v000001f7415b9ee0_0;
    %pushi/real 1717986918, 4062; load=0.100000
    %pushi/real 1677722, 4040; load=0.100000
    %add/wr;
    %cmp/wr;
    %flag_get/vec4 5;
    %and;
T_24.51;
    %flag_set/vec4 10;
    %flag_get/vec4 10;
    %jmp/0 T_24.50, 10;
    %load/real v000001f7415b9ee0_0;
    %pushi/vec4 4294967295, 4294967295, 32;
    %cvt/rv;
    %cmp/wr;
    %flag_inv 4;
    %flag_get/vec4 4;
    %and;
T_24.50;
    %flag_set/vec4 9;
    %flag_get/vec4 9;
    %jmp/0 T_24.49, 9;
    %load/real v000001f7415b9ee0_0;
    %pushi/vec4 0, 4294967295, 32;
    %cvt/rv;
    %cmp/wr;
    %flag_inv 4;
    %flag_get/vec4 4;
    %and;
T_24.49;
    %flag_set/vec4 8;
    %jmp/0xz  T_24.47, 8;
    %vpi_call 2 197 "$display", "Your Score Level: I \012" {0 0 0};
    %vpi_call 2 198 "$display", "Congratulations! GSIM's Function Successfully!\012" {0 0 0};
    %vpi_call 2 199 "$display", "-------------------------PASS------------------------\012" {0 0 0};
    %jmp T_24.48;
T_24.47 ;
    %pushi/real 1717986918, 4062; load=0.100000
    %pushi/real 1677722, 4040; load=0.100000
    %add/wr;
    %load/real v000001f7415b9ee0_0;
    %cmp/wr;
    %flag_or 5, 4;
    %flag_get/vec4 5;
    %jmp/0 T_24.56, 5;
    %load/real v000001f7415b9ee0_0;
    %pushi/real 1288490188, 4064; load=0.300000
    %pushi/real 3355443, 4042; load=0.300000
    %add/wr;
    %cmp/wr;
    %flag_get/vec4 5;
    %and;
T_24.56;
    %flag_set/vec4 10;
    %flag_get/vec4 10;
    %jmp/0 T_24.55, 10;
    %load/real v000001f7415b9ee0_0;
    %pushi/vec4 4294967295, 4294967295, 32;
    %cvt/rv;
    %cmp/wr;
    %flag_inv 4;
    %flag_get/vec4 4;
    %and;
T_24.55;
    %flag_set/vec4 9;
    %flag_get/vec4 9;
    %jmp/0 T_24.54, 9;
    %load/real v000001f7415b9ee0_0;
    %pushi/vec4 0, 4294967295, 32;
    %cvt/rv;
    %cmp/wr;
    %flag_inv 4;
    %flag_get/vec4 4;
    %and;
T_24.54;
    %flag_set/vec4 8;
    %jmp/0xz  T_24.52, 8;
    %vpi_call 2 202 "$display", "Your Score Level: J \012" {0 0 0};
    %vpi_call 2 203 "$display", "Congratulations! GSIM's Function Successfully!\012" {0 0 0};
    %vpi_call 2 204 "$display", "-------------------------PASS------------------------\012" {0 0 0};
    %jmp T_24.53;
T_24.52 ;
    %vpi_call 2 207 "$display", "Your Score Level: K \012" {0 0 0};
    %vpi_call 2 208 "$display", "-------------   GSIM's Function Fail   -------------\012" {0 0 0};
    %vpi_call 2 209 "$display", "-------------------------Fail------------------------\012" {0 0 0};
T_24.53 ;
T_24.48 ;
T_24.43 ;
T_24.38 ;
T_24.33 ;
T_24.28 ;
T_24.23 ;
T_24.18 ;
T_24.13 ;
T_24.9 ;
    %delay 500, 0;
    %vpi_call 2 212 "$finish" {0 0 0};
    %end;
    .thread T_24;
# The file index is used to find the file name in the following table.
:file_names 4;
    "N/A";
    "<interactive>";
    ".\testfixture4.v";
    ".\GSIM.v";
